
<!DOCTYPE html>
<html>


<head>
	<meta charset='UTF-8' /> 
	<meta name='description' content='' />
	<meta name='robots' content='noodp, noydir' />
	<meta name='viewport' content='width=device-width, initial-scale=1' />
	<meta id="timeStampFormat" name="timeStampFormat" content='MMM d, yyyy hh:mm:ss a'/>
	
	<link href='https://fonts.googleapis.com/css?family=Source+Sans+Pro:400,600' rel='stylesheet' type='text/css'>
	<link href="https://fonts.googleapis.com/icon?family=Material+Icons" rel="stylesheet">

		<link href='https://cdn.rawgit.com/anshooarora/extentreports-java/b4a58fcfd1e137bd9287244035a7c80d3d73b3af/dist/css/extent.css' type='text/css' rel='stylesheet' />
	
	<title>NopCommerce - Cucumber Framework</title>

	<style type='text/css'>
			
            

      
        
	</style>
</head>

	<body class='extent dark default hide-overflow bdd-report'>
		<div id='theme-selector' alt='Click to toggle theme. To enable by default, use theme configuration.' title='Click to toggle theme. To enable by default, use theme configuration.'>
			<span><i class='material-icons'>desktop_windows</i></span>
		</div>

<nav>
	<div class="nav-wrapper">
		<a href="#!" class="brand-logo blue darken-3">Extent</a>

		<!-- slideout menu -->
		<ul id='slide-out' class='side-nav fixed hide-on-med-and-down'>
			<li class='waves-effect active'><a href='#!' view='test-view' onclick="configureView(0);chartsView('test');"><i class='material-icons'>dashboard</i></a></li>
						<li class='waves-effect'><a href='#!' view='category-view' onclick="configureView(1)"><i class='material-icons'>label_outline</i></a></li>
			<li class='waves-effect'><a href='#!' view='exception-view' onclick="configureView(2)"><i class='material-icons'>bug_report</i></a></li>
			<li class='waves-effect'><a href='#!' onclick="configureView(-1);chartsView('dashboard');" view='dashboard-view'><i class='material-icons'>track_changes</i></i></a></li>
		</ul>

		<!-- report name -->
		<span class='report-name'>Cucumber Report</span>
		
		<!-- report headline -->
		<span class='report-headline'></span>

		<!-- nav-right -->
		<ul id='nav-mobile' class='right hide-on-med-and-down nav-right'>
			<li>
                <a href='#!'>
                    <span class='label suite-start-time blue darken-3'>May 16, 2022 05:42:58 PM</span>
				</a>
			</li>
			<li>
                <a href='#!'>
                    <span class='label blue darken-3'>3.1.2</span>
				</a>
			</li>
		</ul>
	</div>
</nav>

		<!-- container -->
		<div class='container'>

<div id='test-view' class='view'>
				
	<section id='controls'>
		<div class='controls grey lighten-4'>
			<!-- test toggle -->
			<div class='chip transparent'>
				<a class='dropdown-button tests-toggle' data-activates='tests-toggle' data-constrainwidth='true' data-beloworigin='true' data-hover='true' href='#'>
					<i class='material-icons'>warning</i> Status
				</a>
				<ul id='tests-toggle' class='dropdown-content'>
											<li status='pass'><a href='#!'>Pass <i class='material-icons green-text'>check_circle</i></a></li>
						<li status='fail'><a href='#!'>Fail <i class='material-icons red-text'>cancel</i></a></li>
						<li status='skip'><a href='#!'>Skip <i class='material-icons cyan-text'>redo</i></a></li>
					<li class='divider'></li>
					<li status='clear' clear='true'><a href='#!'>Clear Filters <i class='material-icons'>clear</i></a></li>
				</ul>
			</div>
			<!-- test toggle -->

			<!-- category toggle -->
			<div class='chip transparent'>
				<a class='dropdown-button category-toggle' data-activates='category-toggle' data-constrainwidth='false' data-beloworigin='true' data-hover='true' href='#'>
					<i class='material-icons'>local_offer</i> Category
				</a>
				<ul id='category-toggle' class='dropdown-content'>
					<li><a href='#'>@sanity,</a></li>
					<li><a href='#'>@smoke,</a></li>
					<li><a href='#'>@regression</a></li>
					<li class='divider'></li>
					<li class='clear'><a href='#!' clear='true'>Clear Filters</a></li>
				</ul>
			</div>
			<!-- category toggle -->

			<!-- clear filters -->
			<div class='chip transparent hide'>
				<a class='' id='clear-filters' alt='Clear Filters' title='Clear Filters'>
					<i class='material-icons'>close</i> Clear
				</a>
			</div>
			<!-- clear filters -->

			<!-- enable dashboard -->
			<div id='toggle-test-view-charts' class='chip transparent'>
				<a class='pink-text' id='enable-dashboard' alt='Enable Dashboard' title='Enable Dashboard'>
					<i class='material-icons'>track_changes</i> Dashboard
				</a>
			</div>
			<!-- enable dashboard -->

			<!-- search -->
			<div class='chip transparent' alt='Search Tests' title='Search Tests'>
				<a href="#" class='search-div'>
					<i class='material-icons'>search</i> Search
				</a>

				<div class='input-field left hide'>
					<input id='search-tests' type='text' class='validate browser-default' placeholder='Search Tests...'>
				</div>
				
			</div>
			<!-- search -->
		</div>
	</section>


<div id='test-view-charts' class='subview-full'>
	<div id='charts-row' class='row nm-v nm-h'>
		<div class='col s12 m4 l4 np-h'>
			<div class='card-panel nm-v'>
				<div class='left panel-name'>Features</div>
				<div class='chart-box'>
					<canvas id='parent-analysis' width='100' height='80'></canvas>
				</div>
				<div class='block text-small'>
					<span class='tooltipped' data-position='top' data-tooltip='0%'><span class='strong'>0</span> feature(s) passed</span>
				</div>
				<div class='block text-small'>
					<span class='strong tooltipped' data-position='top' data-tooltip='100%'>3</span> feature(s) failed, <span class='strong tooltipped' data-position='top' data-tooltip='0%'>0</span> others
				</div>
			</div>
		</div>
		
		<div class='col s12 m4 l4 np-h'>
			<div class='card-panel nm-v'>
				<div class='left panel-name'>Scenarios</div>
				<div class='chart-box'>
					<canvas id='child-analysis' width='100' height='80'></canvas>
				</div>
				<div class='block text-small'>
					<span class='tooltipped' data-position='top' data-tooltip='25%'><span class='strong'>3</span> scenario(s) passed</span>
				</div>
				<div class='block text-small'>
					<span class='strong tooltipped' data-position='top' data-tooltip='66.667%'>8</span> scenario(s) failed, <span class='strong tooltipped' data-position='top' data-tooltip='8.333%'>1</span> others
				</div>
			</div>
		</div>
		
		<div class='col s12 m4 l4 np-h'>
			<div class='card-panel nm-v'>
				<div class='left panel-name'>Steps</div>
				<div class='chart-box'>
					<canvas id='grandchild-analysis' width='100' height='80'></canvas>
				</div>
				<div class='block text-small'>
					<span class='tooltipped' data-position='top' data-tooltip='31.707%'><span class='strong'>26</span> step(s) passed</span>
				</div>
				<div class='block text-small'>
					<span class='strong tooltipped' data-position='top' data-tooltip='9.756%'>8</span> step(s) failed, <span class='strong tooltipped' data-position='top' data-tooltip='58.537%'>48</span> others
				</div>
			</div>
		</div>
	</div>
</div>

	<div class='subview-left left'>
		
		<div class='view-summary'>
			<h5>Features</h5>
			<ul id='test-collection' class='test-collection'>
				
				
				<li class='test displayed active has-leaf fail' status='fail' bdd='true' test-id='1'>
					<div class='test-heading'>
						<span class='test-name'>computer Page Test</span>
						<span class='test-time'>May 16, 2022 05:42:58 PM</span>
						<span class='test-status right fail'>fail</span>
					</div>
					<div class='test-content hide'>
<div class='scenario node' test-id='2' status='fail'>
	<span class='duration right label'>0h 0m 23s+995ms</span>
	<div class='desc'>
		<b>Scenario</b>
		<span class="desc-text">As a user I should navigate to computer page successfully</span>
	</div>
	<ul class='steps'>
		<li test-id='3' class='node given pass' status='pass'>
			
			<b>Given</b>
			
			<span class="bdd-step-name">Given Iam on homepage</span>
				<div class='pre'>passed</div>
			
		</li>
		<li test-id='4' class='node when fail' status='fail'>
			
			<b>When</b>
			
			<span class="bdd-step-name">When I click on computer tab</span>
				<div class='pre'><pre>org.openqa.selenium.json.JsonException: java.lang.reflect.InvocationTargetException
Build info: version: '4.0.0', revision: '3a21814679'
System info: host: 'CHANDANA', ip: '192.168.0.38', os.name: 'Windows 10', os.arch: 'amd64', os.version: '10.0', java.version: '1.8.0_121'
Driver info: org.openqa.selenium.chrome.ChromeDriver
Command: [f0753cda1b5b154838eec032d7dd950c, actions {actions=[org.openqa.selenium.interactions.Sequence@23811a09]}]
Capabilities {acceptInsecureCerts: false, browserName: chrome, browserVersion: 101.0.4951.54, chrome: {chromedriverVersion: 101.0.4951.41 (93c720db8323..., userDataDir: C:\Users\chand\AppData\Loca...}, goog:chromeOptions: {debuggerAddress: localhost:60884}, javascriptEnabled: true, networkConnectionEnabled: false, pageLoadStrategy: normal, platform: WINDOWS, platformName: WINDOWS, proxy: Proxy(), se:cdp: ws://localhost:60884/devtoo..., se:cdpVersion: 101.0.4951.54, setWindowRect: true, strictFileInteractability: false, timeouts: {implicit: 0, pageLoad: 300000, script: 30000}, unhandledPromptBehavior: dismiss and notify, webauthn:extension:credBlob: true, webauthn:extension:largeBlob: true, webauthn:virtualAuthenticators: true}
Session ID: f0753cda1b5b154838eec032d7dd950c
	at org.openqa.selenium.json.JsonOutput.convertUsingMethod(JsonOutput.java:362)
	at org.openqa.selenium.json.JsonOutput.lambda$new$16(JsonOutput.java:154)
	at org.openqa.selenium.json.JsonOutput.write(JsonOutput.java:287)
	at org.openqa.selenium.json.JsonOutput.lambda$new$22(JsonOutput.java:169)
	at java.util.stream.ForEachOps$ForEachOp$OfRef.accept(ForEachOps.java:184)
	at java.util.stream.ReferencePipeline$2$1.accept(ReferencePipeline.java:175)
	at java.util.Iterator.forEachRemaining(Iterator.java:116)
	at java.util.Spliterators$IteratorSpliterator.forEachRemaining(Spliterators.java:1801)
	at java.util.stream.AbstractPipeline.copyInto(AbstractPipeline.java:481)
	at java.util.stream.AbstractPipeline.wrapAndCopyInto(AbstractPipeline.java:471)
	at java.util.stream.ForEachOps$ForEachOp.evaluateSequential(ForEachOps.java:151)
	at java.util.stream.ForEachOps$ForEachOp$OfRef.evaluateSequential(ForEachOps.java:174)
	at java.util.stream.AbstractPipeline.evaluate(AbstractPipeline.java:234)
	at java.util.stream.ReferencePipeline.forEach(ReferencePipeline.java:418)
	at org.openqa.selenium.json.JsonOutput.lambda$new$23(JsonOutput.java:169)
	at org.openqa.selenium.json.JsonOutput.write(JsonOutput.java:287)
	at org.openqa.selenium.json.JsonOutput.lambda$new$24(JsonOutput.java:182)
	at com.google.common.collect.SingletonImmutableBiMap.forEach(SingletonImmutableBiMap.java:66)
	at org.openqa.selenium.json.JsonOutput.lambda$new$25(JsonOutput.java:177)
	at org.openqa.selenium.json.JsonOutput.write(JsonOutput.java:287)
	at org.openqa.selenium.json.JsonOutput.write(JsonOutput.java:278)
	at org.openqa.selenium.json.Json.toJson(Json.java:42)
	at org.openqa.selenium.remote.codec.AbstractHttpCommandCodec.encode(AbstractHttpCommandCodec.java:259)
	at org.openqa.selenium.remote.codec.AbstractHttpCommandCodec.encode(AbstractHttpCommandCodec.java:127)
	at org.openqa.selenium.remote.HttpCommandExecutor.execute(HttpCommandExecutor.java:172)
	at org.openqa.selenium.remote.service.DriverCommandExecutor.invokeExecute(DriverCommandExecutor.java:164)
	at org.openqa.selenium.remote.service.DriverCommandExecutor.execute(DriverCommandExecutor.java:139)
	at org.openqa.selenium.remote.RemoteWebDriver.execute(RemoteWebDriver.java:559)
	at org.openqa.selenium.remote.RemoteWebDriver.perform(RemoteWebDriver.java:627)
	at org.openqa.selenium.interactions.Actions$BuiltAction.perform(Actions.java:617)
	at org.openqa.selenium.interactions.Actions.perform(Actions.java:573)
	at com.nopcommerce.demo.utility.Utility.mouseHoverToElement(Utility.java:230)
	at com.nopcommerce.demo.pages.ComputerPage.clickOnComputer(ComputerPage.java:34)
	at com.nopcommerce.demo.steps.ComputerPageTest.iClickOnComputerTab(ComputerPageTest.java:15)
	at ✽.When I click on computer tab(computer.feature:7)
	Suppressed: org.openqa.selenium.json.JsonException: Attempting to close incomplete json stream
Build info: version: '4.0.0', revision: '3a21814679'
System info: host: 'CHANDANA', ip: '192.168.0.38', os.name: 'Windows 10', os.arch: 'amd64', os.version: '10.0', java.version: '1.8.0_121'
Driver info: driver.version: RemoteWebDriver
		at org.openqa.selenium.json.JsonOutput.close(JsonOutput.java:303)
		at org.openqa.selenium.json.Json.toJson(Json.java:40)
		at org.openqa.selenium.remote.codec.AbstractHttpCommandCodec.encode(AbstractHttpCommandCodec.java:259)
		at org.openqa.selenium.remote.codec.AbstractHttpCommandCodec.encode(AbstractHttpCommandCodec.java:127)
		at org.openqa.selenium.remote.HttpCommandExecutor.execute(HttpCommandExecutor.java:172)
		at org.openqa.selenium.remote.service.DriverCommandExecutor.invokeExecute(DriverCommandExecutor.java:164)
		at org.openqa.selenium.remote.service.DriverCommandExecutor.execute(DriverCommandExecutor.java:139)
		at org.openqa.selenium.remote.RemoteWebDriver.execute(RemoteWebDriver.java:559)
		at org.openqa.selenium.remote.RemoteWebDriver.perform(RemoteWebDriver.java:627)
		at org.openqa.selenium.interactions.Actions$BuiltAction.perform(Actions.java:617)
		at org.openqa.selenium.interactions.Actions.perform(Actions.java:573)
		at com.nopcommerce.demo.utility.Utility.mouseHoverToElement(Utility.java:230)
		at com.nopcommerce.demo.pages.ComputerPage.clickOnComputer(ComputerPage.java:34)
		at com.nopcommerce.demo.steps.ComputerPageTest.iClickOnComputerTab(ComputerPageTest.java:15)
		at sun.reflect.NativeMethodAccessorImpl.invoke0(Native Method)
		at sun.reflect.NativeMethodAccessorImpl.invoke(NativeMethodAccessorImpl.java:62)
		at sun.reflect.DelegatingMethodAccessorImpl.invoke(DelegatingMethodAccessorImpl.java:43)
		at java.lang.reflect.Method.invoke(Method.java:498)
		at cucumber.runtime.Utils$1.call(Utils.java:40)
		at cucumber.runtime.Timeout.timeout(Timeout.java:16)
		at cucumber.runtime.Utils.invoke(Utils.java:34)
		at cucumber.runtime.java.JavaStepDefinition.execute(JavaStepDefinition.java:38)
		at cucumber.runtime.StepDefinitionMatch.runStep(StepDefinitionMatch.java:37)
		at cucumber.runtime.Runtime.runStep(Runtime.java:300)
		at cucumber.runtime.model.StepContainer.runStep(StepContainer.java:44)
		at cucumber.runtime.model.StepContainer.runSteps(StepContainer.java:39)
		at cucumber.runtime.model.CucumberScenario.run(CucumberScenario.java:44)
		at cucumber.runtime.junit.ExecutionUnitRunner.run(ExecutionUnitRunner.java:102)
		at cucumber.runtime.junit.FeatureRunner.runChild(FeatureRunner.java:63)
		at cucumber.runtime.junit.FeatureRunner.runChild(FeatureRunner.java:18)
		at org.junit.runners.ParentRunner$3.run(ParentRunner.java:238)
		at org.junit.runners.ParentRunner$1.schedule(ParentRunner.java:63)
		at org.junit.runners.ParentRunner.runChildren(ParentRunner.java:236)
		at org.junit.runners.ParentRunner.access$000(ParentRunner.java:53)
		at org.junit.runners.ParentRunner$2.evaluate(ParentRunner.java:229)
		at org.junit.runners.ParentRunner.run(ParentRunner.java:309)
		at cucumber.runtime.junit.FeatureRunner.run(FeatureRunner.java:70)
		at cucumber.api.junit.Cucumber.runChild(Cucumber.java:95)
		at cucumber.api.junit.Cucumber.runChild(Cucumber.java:38)
		at org.junit.runners.ParentRunner$3.run(ParentRunner.java:238)
		at org.junit.runners.ParentRunner$1.schedule(ParentRunner.java:63)
		at org.junit.runners.ParentRunner.runChildren(ParentRunner.java:236)
		at org.junit.runners.ParentRunner.access$000(ParentRunner.java:53)
		at org.junit.runners.ParentRunner$2.evaluate(ParentRunner.java:229)
		at org.junit.internal.runners.statements.RunAfters.evaluate(RunAfters.java:27)
		at org.junit.runners.ParentRunner.run(ParentRunner.java:309)
		at cucumber.api.junit.Cucumber.run(Cucumber.java:100)
		at org.junit.runner.JUnitCore.run(JUnitCore.java:160)
		at com.intellij.junit4.JUnit4IdeaTestRunner.startRunnerWithArgs(JUnit4IdeaTestRunner.java:69)
		at com.intellij.rt.junit.IdeaTestRunner$Repeater$1.execute(IdeaTestRunner.java:38)
		at com.intellij.rt.execution.junit.TestsRepeater.repeat(TestsRepeater.java:11)
		at com.intellij.rt.junit.IdeaTestRunner$Repeater.startRunnerWithArgs(IdeaTestRunner.java:35)
		at com.intellij.rt.junit.JUnitStarter.prepareStreamsAndStart(JUnitStarter.java:235)
		at com.intellij.rt.junit.JUnitStarter.main(JUnitStarter.java:54)
Caused by: java.lang.reflect.InvocationTargetException
	at sun.reflect.NativeMethodAccessorImpl.invoke0(Native Method)
	at sun.reflect.NativeMethodAccessorImpl.invoke(NativeMethodAccessorImpl.java:62)
	at sun.reflect.DelegatingMethodAccessorImpl.invoke(DelegatingMethodAccessorImpl.java:43)
	at java.lang.reflect.Method.invoke(Method.java:498)
	at org.openqa.selenium.json.JsonOutput.convertUsingMethod(JsonOutput.java:358)
	at org.openqa.selenium.json.JsonOutput.lambda$new$16(JsonOutput.java:154)
	at org.openqa.selenium.json.JsonOutput.write(JsonOutput.java:287)
	at org.openqa.selenium.json.JsonOutput.lambda$new$22(JsonOutput.java:169)
	at java.util.stream.ForEachOps$ForEachOp$OfRef.accept(ForEachOps.java:184)
	at java.util.stream.ReferencePipeline$2$1.accept(ReferencePipeline.java:175)
	at java.util.Iterator.forEachRemaining(Iterator.java:116)
	at java.util.Spliterators$IteratorSpliterator.forEachRemaining(Spliterators.java:1801)
	at java.util.stream.AbstractPipeline.copyInto(AbstractPipeline.java:481)
	at java.util.stream.AbstractPipeline.wrapAndCopyInto(AbstractPipeline.java:471)
	at java.util.stream.ForEachOps$ForEachOp.evaluateSequential(ForEachOps.java:151)
	at java.util.stream.ForEachOps$ForEachOp$OfRef.evaluateSequential(ForEachOps.java:174)
	at java.util.stream.AbstractPipeline.evaluate(AbstractPipeline.java:234)
	at java.util.stream.ReferencePipeline.forEach(ReferencePipeline.java:418)
	at org.openqa.selenium.json.JsonOutput.lambda$new$23(JsonOutput.java:169)
	at org.openqa.selenium.json.JsonOutput.write(JsonOutput.java:287)
	at org.openqa.selenium.json.JsonOutput.lambda$new$24(JsonOutput.java:182)
	at com.google.common.collect.SingletonImmutableBiMap.forEach(SingletonImmutableBiMap.java:66)
	at org.openqa.selenium.json.JsonOutput.lambda$new$25(JsonOutput.java:177)
	at org.openqa.selenium.json.JsonOutput.write(JsonOutput.java:287)
	at org.openqa.selenium.json.JsonOutput.write(JsonOutput.java:278)
	at org.openqa.selenium.json.Json.toJson(Json.java:42)
	at org.openqa.selenium.remote.codec.AbstractHttpCommandCodec.encode(AbstractHttpCommandCodec.java:259)
	at org.openqa.selenium.remote.codec.AbstractHttpCommandCodec.encode(AbstractHttpCommandCodec.java:127)
	at org.openqa.selenium.remote.HttpCommandExecutor.execute(HttpCommandExecutor.java:172)
	at org.openqa.selenium.remote.service.DriverCommandExecutor.invokeExecute(DriverCommandExecutor.java:164)
	at org.openqa.selenium.remote.service.DriverCommandExecutor.execute(DriverCommandExecutor.java:139)
	at org.openqa.selenium.remote.RemoteWebDriver.execute(RemoteWebDriver.java:559)
	at org.openqa.selenium.remote.RemoteWebDriver.perform(RemoteWebDriver.java:627)
	at org.openqa.selenium.interactions.Actions$BuiltAction.perform(Actions.java:617)
	at org.openqa.selenium.interactions.Actions.perform(Actions.java:573)
	at com.nopcommerce.demo.utility.Utility.mouseHoverToElement(Utility.java:230)
	at com.nopcommerce.demo.pages.ComputerPage.clickOnComputer(ComputerPage.java:34)
	at com.nopcommerce.demo.steps.ComputerPageTest.iClickOnComputerTab(ComputerPageTest.java:15)
	at sun.reflect.NativeMethodAccessorImpl.invoke0(Native Method)
	at sun.reflect.NativeMethodAccessorImpl.invoke(NativeMethodAccessorImpl.java:62)
	at sun.reflect.DelegatingMethodAccessorImpl.invoke(DelegatingMethodAccessorImpl.java:43)
	at java.lang.reflect.Method.invoke(Method.java:498)
	at cucumber.runtime.Utils$1.call(Utils.java:40)
	at cucumber.runtime.Timeout.timeout(Timeout.java:16)
	at cucumber.runtime.Utils.invoke(Utils.java:34)
	at cucumber.runtime.java.JavaStepDefinition.execute(JavaStepDefinition.java:38)
	at cucumber.runtime.StepDefinitionMatch.runStep(StepDefinitionMatch.java:37)
	at cucumber.runtime.Runtime.runStep(Runtime.java:300)
	at cucumber.runtime.model.StepContainer.runStep(StepContainer.java:44)
	at cucumber.runtime.model.StepContainer.runSteps(StepContainer.java:39)
	at cucumber.runtime.model.CucumberScenario.run(CucumberScenario.java:44)
	at cucumber.runtime.junit.ExecutionUnitRunner.run(ExecutionUnitRunner.java:102)
	at cucumber.runtime.junit.FeatureRunner.runChild(FeatureRunner.java:63)
	at cucumber.runtime.junit.FeatureRunner.runChild(FeatureRunner.java:18)
	at org.junit.runners.ParentRunner$3.run(ParentRunner.java:238)
	at org.junit.runners.ParentRunner$1.schedule(ParentRunner.java:63)
	at org.junit.runners.ParentRunner.runChildren(ParentRunner.java:236)
	at org.junit.runners.ParentRunner.access$000(ParentRunner.java:53)
	at org.junit.runners.ParentRunner$2.evaluate(ParentRunner.java:229)
	at org.junit.runners.ParentRunner.run(ParentRunner.java:309)
	at cucumber.runtime.junit.FeatureRunner.run(FeatureRunner.java:70)
	at cucumber.api.junit.Cucumber.runChild(Cucumber.java:95)
	at cucumber.api.junit.Cucumber.runChild(Cucumber.java:38)
	at org.junit.runners.ParentRunner$3.run(ParentRunner.java:238)
	at org.junit.runners.ParentRunner$1.schedule(ParentRunner.java:63)
	at org.junit.runners.ParentRunner.runChildren(ParentRunner.java:236)
	at org.junit.runners.ParentRunner.access$000(ParentRunner.java:53)
	at org.junit.runners.ParentRunner$2.evaluate(ParentRunner.java:229)
	at org.junit.internal.runners.statements.RunAfters.evaluate(RunAfters.java:27)
	at org.junit.runners.ParentRunner.run(ParentRunner.java:309)
	at cucumber.api.junit.Cucumber.run(Cucumber.java:100)
	at org.junit.runner.JUnitCore.run(JUnitCore.java:160)
	at com.intellij.junit4.JUnit4IdeaTestRunner.startRunnerWithArgs(JUnit4IdeaTestRunner.java:69)
	at com.intellij.rt.junit.IdeaTestRunner$Repeater$1.execute(IdeaTestRunner.java:38)
	at com.intellij.rt.execution.junit.TestsRepeater.repeat(TestsRepeater.java:11)
	at com.intellij.rt.junit.IdeaTestRunner$Repeater.startRunnerWithArgs(IdeaTestRunner.java:35)
	at com.intellij.rt.junit.JUnitStarter.prepareStreamsAndStart(JUnitStarter.java:235)
	at com.intellij.rt.junit.JUnitStarter.main(JUnitStarter.java:54)
Caused by: org.openqa.selenium.NoSuchElementException: no such element: Unable to locate element: {"method":"css selector","selector":"#Computers"}
  (Session info: chrome=101.0.4951.54)
For documentation on this error, please visit: https://selenium.dev/exceptions/#no_such_element
Build info: version: '4.0.0', revision: '3a21814679'
System info: host: 'CHANDANA', ip: '192.168.0.38', os.name: 'Windows 10', os.arch: 'amd64', os.version: '10.0', java.version: '1.8.0_121'
Driver info: org.openqa.selenium.chrome.ChromeDriver
Command: [f0753cda1b5b154838eec032d7dd950c, findElement {using=id, value=Computers}]
Capabilities {acceptInsecureCerts: false, browserName: chrome, browserVersion: 101.0.4951.54, chrome: {chromedriverVersion: 101.0.4951.41 (93c720db8323..., userDataDir: C:\Users\chand\AppData\Loca...}, goog:chromeOptions: {debuggerAddress: localhost:60884}, javascriptEnabled: true, networkConnectionEnabled: false, pageLoadStrategy: normal, platform: WINDOWS, platformName: WINDOWS, proxy: Proxy(), se:cdp: ws://localhost:60884/devtoo..., se:cdpVersion: 101.0.4951.54, setWindowRect: true, strictFileInteractability: false, timeouts: {implicit: 0, pageLoad: 300000, script: 30000}, unhandledPromptBehavior: dismiss and notify, webauthn:extension:credBlob: true, webauthn:extension:largeBlob: true, webauthn:virtualAuthenticators: true}
Session ID: f0753cda1b5b154838eec032d7dd950c
	at sun.reflect.NativeConstructorAccessorImpl.newInstance0(Native Method)
	at sun.reflect.NativeConstructorAccessorImpl.newInstance(NativeConstructorAccessorImpl.java:62)
	at sun.reflect.DelegatingConstructorAccessorImpl.newInstance(DelegatingConstructorAccessorImpl.java:45)
	at java.lang.reflect.Constructor.newInstance(Constructor.java:423)
	at org.openqa.selenium.remote.codec.w3c.W3CHttpResponseCodec.createException(W3CHttpResponseCodec.java:200)
	at org.openqa.selenium.remote.codec.w3c.W3CHttpResponseCodec.decode(W3CHttpResponseCodec.java:133)
	at org.openqa.selenium.remote.codec.w3c.W3CHttpResponseCodec.decode(W3CHttpResponseCodec.java:53)
	at org.openqa.selenium.remote.HttpCommandExecutor.execute(HttpCommandExecutor.java:184)
	at org.openqa.selenium.remote.service.DriverCommandExecutor.invokeExecute(DriverCommandExecutor.java:164)
	at org.openqa.selenium.remote.service.DriverCommandExecutor.execute(DriverCommandExecutor.java:139)
	at org.openqa.selenium.remote.RemoteWebDriver.execute(RemoteWebDriver.java:559)
	at org.openqa.selenium.remote.ElementLocation$ElementFinder$2.findElement(ElementLocation.java:162)
	at org.openqa.selenium.remote.ElementLocation.findElement(ElementLocation.java:66)
	at org.openqa.selenium.remote.RemoteWebDriver.findElement(RemoteWebDriver.java:383)
	at org.openqa.selenium.remote.RemoteWebDriver.findElement(RemoteWebDriver.java:375)
	at org.openqa.selenium.support.pagefactory.DefaultElementLocator.findElement(DefaultElementLocator.java:70)
	at org.openqa.selenium.support.pagefactory.internal.LocatingElementHandler.invoke(LocatingElementHandler.java:39)
	at com.sun.proxy.$Proxy22.getWrappedElement(Unknown Source)
	at org.openqa.selenium.interactions.PointerInput$Origin.asArg(PointerInput.java:201)
	at org.openqa.selenium.interactions.PointerInput$Move.encode(PointerInput.java:152)
	at org.openqa.selenium.interactions.Sequence.encode(Sequence.java:73)
	at org.openqa.selenium.interactions.Sequence.toJson(Sequence.java:82)
	... 78 more
</pre></div>
			
		</li>
		<li test-id='5' class='node and skip' status='skip'>
			
			<b>And</b>
			
			<span class="bdd-step-name">And I am in Computers Page</span>
				<div class='pre'>skipped</div>
			
		</li>
		<li test-id='6' class='node then skip' status='skip'>
			
			<b>Then</b>
			
			<span class="bdd-step-name">Then I should able to verify "Computers" text</span>
			<ul class='screenshots right'>
				<li><a data-featherlight="image" href="C:\Users\chand\IdeaProjects\nopcommerce-cucumber/src/main/java/com/nopcommerce/demo/screenshots/As_a_user_I_should_navigate_to_computer_page_successfully20220516054322.png"><i class='material-icons'>panorama</i></a></li>
			</ul>
				<div class='pre'>skipped</div>
			
		</li>
	</ul>
</div>
<div class='scenario node' test-id='7' status='fail'>
	<span class='duration right label'>0h 0m 22s+547ms</span>
	<div class='desc'>
		<b>Scenario</b>
		<span class="desc-text">As a user I should navigate to desktops page successfully</span>
	</div>
	<ul class='steps'>
		<li test-id='8' class='node when fail' status='fail'>
			
			<b>When</b>
			
			<span class="bdd-step-name">When I click on Desktop tab</span>
				<div class='pre'><pre>org.openqa.selenium.NoSuchElementException: no such element: Unable to locate element: {"method":"css selector","selector":"#Desktops"}
  (Session info: chrome=101.0.4951.54)
For documentation on this error, please visit: https://selenium.dev/exceptions/#no_such_element
Build info: version: '4.0.0', revision: '3a21814679'
System info: host: 'CHANDANA', ip: '192.168.0.38', os.name: 'Windows 10', os.arch: 'amd64', os.version: '10.0', java.version: '1.8.0_121'
Driver info: org.openqa.selenium.chrome.ChromeDriver
Command: [db4c6c2e821326ea2999106d5c8d3127, findElement {using=id, value=Desktops}]
Capabilities {acceptInsecureCerts: false, browserName: chrome, browserVersion: 101.0.4951.54, chrome: {chromedriverVersion: 101.0.4951.41 (93c720db8323..., userDataDir: C:\Users\chand\AppData\Loca...}, goog:chromeOptions: {debuggerAddress: localhost:60924}, javascriptEnabled: true, networkConnectionEnabled: false, pageLoadStrategy: normal, platform: WINDOWS, platformName: WINDOWS, proxy: Proxy(), se:cdp: ws://localhost:60924/devtoo..., se:cdpVersion: 101.0.4951.54, setWindowRect: true, strictFileInteractability: false, timeouts: {implicit: 0, pageLoad: 300000, script: 30000}, unhandledPromptBehavior: dismiss and notify, webauthn:extension:credBlob: true, webauthn:extension:largeBlob: true, webauthn:virtualAuthenticators: true}
Session ID: db4c6c2e821326ea2999106d5c8d3127
	at sun.reflect.NativeConstructorAccessorImpl.newInstance0(Native Method)
	at sun.reflect.NativeConstructorAccessorImpl.newInstance(NativeConstructorAccessorImpl.java:62)
	at sun.reflect.DelegatingConstructorAccessorImpl.newInstance(DelegatingConstructorAccessorImpl.java:45)
	at java.lang.reflect.Constructor.newInstance(Constructor.java:423)
	at org.openqa.selenium.remote.codec.w3c.W3CHttpResponseCodec.createException(W3CHttpResponseCodec.java:200)
	at org.openqa.selenium.remote.codec.w3c.W3CHttpResponseCodec.decode(W3CHttpResponseCodec.java:133)
	at org.openqa.selenium.remote.codec.w3c.W3CHttpResponseCodec.decode(W3CHttpResponseCodec.java:53)
	at org.openqa.selenium.remote.HttpCommandExecutor.execute(HttpCommandExecutor.java:184)
	at org.openqa.selenium.remote.service.DriverCommandExecutor.invokeExecute(DriverCommandExecutor.java:164)
	at org.openqa.selenium.remote.service.DriverCommandExecutor.execute(DriverCommandExecutor.java:139)
	at org.openqa.selenium.remote.RemoteWebDriver.execute(RemoteWebDriver.java:559)
	at org.openqa.selenium.remote.ElementLocation$ElementFinder$2.findElement(ElementLocation.java:162)
	at org.openqa.selenium.remote.ElementLocation.findElement(ElementLocation.java:66)
	at org.openqa.selenium.remote.RemoteWebDriver.findElement(RemoteWebDriver.java:383)
	at org.openqa.selenium.remote.RemoteWebDriver.findElement(RemoteWebDriver.java:375)
	at org.openqa.selenium.support.pagefactory.DefaultElementLocator.findElement(DefaultElementLocator.java:70)
	at org.openqa.selenium.support.pagefactory.internal.LocatingElementHandler.invoke(LocatingElementHandler.java:39)
	at com.sun.proxy.$Proxy22.click(Unknown Source)
	at com.nopcommerce.demo.utility.Utility.clickOnElement(Utility.java:53)
	at com.nopcommerce.demo.pages.ComputerPage.clickOnDesktopLink(ComputerPage.java:39)
	at com.nopcommerce.demo.steps.ComputerPageTest.iClickOnDesktopTab(ComputerPageTest.java:24)
	at ✽.When I click on Desktop tab(computer.feature:13)
</pre></div>
			
		</li>
		<li test-id='9' class='node then skip' status='skip'>
			
			<b>Then</b>
			
			<span class="bdd-step-name">Then I should able to verify the "Desktops" text</span>
			<ul class='screenshots right'>
				<li><a data-featherlight="image" href="C:\Users\chand\IdeaProjects\nopcommerce-cucumber/src/main/java/com/nopcommerce/demo/screenshots/As_a_user_I_should_navigate_to_desktops_page_successfully20220516054346.png"><i class='material-icons'>panorama</i></a></li>
			</ul>
				<div class='pre'>skipped</div>
			
		</li>
	</ul>
</div>
<div class='scenariooutline node' test-id='10' status='fail'>
	<span class='duration right label'>0h 1m 8s+847ms</span>
	<div class='desc'>
		<b>ScenarioOutline</b>
		<span class="desc-text">As a user I should be able to build my own computer</span>
	</div>
	<ul class='steps'>
		<li test-id='11' class='node scenario fail' status='fail'>
			
			<b>Scenario</b>
			
			<span class="bdd-step-name">As a user I should be able to build my own computer</span>
			
				<ul class='steps'>
					<li test-id='12' class='node when fail' status='fail'><b>When</b>
						<span class="bdd-step-name">When I click on Desktop tab</span>
							<div class='pre'><pre>org.openqa.selenium.NoSuchElementException: no such element: Unable to locate element: {"method":"css selector","selector":"#Desktops"}
  (Session info: chrome=101.0.4951.54)
For documentation on this error, please visit: https://selenium.dev/exceptions/#no_such_element
Build info: version: '4.0.0', revision: '3a21814679'
System info: host: 'CHANDANA', ip: '192.168.0.38', os.name: 'Windows 10', os.arch: 'amd64', os.version: '10.0', java.version: '1.8.0_121'
Driver info: org.openqa.selenium.chrome.ChromeDriver
Command: [15b4081d33fe31acd7f9b4fcf4620e47, findElement {using=id, value=Desktops}]
Capabilities {acceptInsecureCerts: false, browserName: chrome, browserVersion: 101.0.4951.54, chrome: {chromedriverVersion: 101.0.4951.41 (93c720db8323..., userDataDir: C:\Users\chand\AppData\Loca...}, goog:chromeOptions: {debuggerAddress: localhost:60963}, javascriptEnabled: true, networkConnectionEnabled: false, pageLoadStrategy: normal, platform: WINDOWS, platformName: WINDOWS, proxy: Proxy(), se:cdp: ws://localhost:60963/devtoo..., se:cdpVersion: 101.0.4951.54, setWindowRect: true, strictFileInteractability: false, timeouts: {implicit: 0, pageLoad: 300000, script: 30000}, unhandledPromptBehavior: dismiss and notify, webauthn:extension:credBlob: true, webauthn:extension:largeBlob: true, webauthn:virtualAuthenticators: true}
Session ID: 15b4081d33fe31acd7f9b4fcf4620e47
	at sun.reflect.NativeConstructorAccessorImpl.newInstance0(Native Method)
	at sun.reflect.NativeConstructorAccessorImpl.newInstance(NativeConstructorAccessorImpl.java:62)
	at sun.reflect.DelegatingConstructorAccessorImpl.newInstance(DelegatingConstructorAccessorImpl.java:45)
	at java.lang.reflect.Constructor.newInstance(Constructor.java:423)
	at org.openqa.selenium.remote.codec.w3c.W3CHttpResponseCodec.createException(W3CHttpResponseCodec.java:200)
	at org.openqa.selenium.remote.codec.w3c.W3CHttpResponseCodec.decode(W3CHttpResponseCodec.java:133)
	at org.openqa.selenium.remote.codec.w3c.W3CHttpResponseCodec.decode(W3CHttpResponseCodec.java:53)
	at org.openqa.selenium.remote.HttpCommandExecutor.execute(HttpCommandExecutor.java:184)
	at org.openqa.selenium.remote.service.DriverCommandExecutor.invokeExecute(DriverCommandExecutor.java:164)
	at org.openqa.selenium.remote.service.DriverCommandExecutor.execute(DriverCommandExecutor.java:139)
	at org.openqa.selenium.remote.RemoteWebDriver.execute(RemoteWebDriver.java:559)
	at org.openqa.selenium.remote.ElementLocation$ElementFinder$2.findElement(ElementLocation.java:162)
	at org.openqa.selenium.remote.ElementLocation.findElement(ElementLocation.java:66)
	at org.openqa.selenium.remote.RemoteWebDriver.findElement(RemoteWebDriver.java:383)
	at org.openqa.selenium.remote.RemoteWebDriver.findElement(RemoteWebDriver.java:375)
	at org.openqa.selenium.support.pagefactory.DefaultElementLocator.findElement(DefaultElementLocator.java:70)
	at org.openqa.selenium.support.pagefactory.internal.LocatingElementHandler.invoke(LocatingElementHandler.java:39)
	at com.sun.proxy.$Proxy22.click(Unknown Source)
	at com.nopcommerce.demo.utility.Utility.clickOnElement(Utility.java:53)
	at com.nopcommerce.demo.pages.ComputerPage.clickOnDesktopLink(ComputerPage.java:39)
	at com.nopcommerce.demo.steps.ComputerPageTest.iClickOnDesktopTab(ComputerPageTest.java:24)
	at ✽.When I click on Desktop tab(computer.feature:17)
</pre></div>
					</li>
					<li test-id='13' class='node and skip' status='skip'><b>And</b>
						<span class="bdd-step-name">And I click on "build your own computer"</span>
							<div class='pre'>skipped</div>
					</li>
					<li test-id='14' class='node and skip' status='skip'><b>And</b>
						<span class="bdd-step-name">And I select processor "2.2 GHz Intel Pentium Dual-Core E2200"</span>
							<div class='pre'>skipped</div>
					</li>
					<li test-id='15' class='node and skip' status='skip'><b>And</b>
						<span class="bdd-step-name">And I select RAM "2GB"</span>
							<div class='pre'>skipped</div>
					</li>
					<li test-id='16' class='node and skip' status='skip'><b>And</b>
						<span class="bdd-step-name">And I select HDD "320Gb"</span>
							<div class='pre'>skipped</div>
					</li>
					<li test-id='17' class='node and skip' status='skip'><b>And</b>
						<span class="bdd-step-name">And I select OS "Vista Home [+$50.00"</span>
							<div class='pre'>skipped</div>
					</li>
					<li test-id='18' class='node and skip' status='skip'><b>And</b>
						<span class="bdd-step-name">And I select Software "Microsoft Office [+$50.00]"</span>
							<div class='pre'>skipped</div>
					</li>
					<li test-id='19' class='node and skip' status='skip'><b>And</b>
						<span class="bdd-step-name">And I click on ADD TO CART Butoon</span>
							<div class='pre'>skipped</div>
					</li>
					<li test-id='20' class='node then skip' status='skip'><b>Then</b>
						<span class="bdd-step-name">Then I should be able to verify message "The product has been added to your shopping cart"</span>
						<ul class='screenshots right'>
							<li><a data-featherlight="image" href="C:\Users\chand\IdeaProjects\nopcommerce-cucumber/src/main/java/com/nopcommerce/demo/screenshots/As_a_user_I_should_be_able_to_build_my_own_computer20220516054409.png"><i class='material-icons'>panorama</i></a></li>
						</ul>
							<div class='pre'>skipped</div>
					</li>
				</ul>
		</li>
		<li test-id='21' class='node scenario fail' status='fail'>
			
			<b>Scenario</b>
			
			<span class="bdd-step-name">As a user I should be able to build my own computer</span>
			
				<ul class='steps'>
					<li test-id='22' class='node when fail' status='fail'><b>When</b>
						<span class="bdd-step-name">When I click on Desktop tab</span>
							<div class='pre'><pre>org.openqa.selenium.NoSuchElementException: no such element: Unable to locate element: {"method":"css selector","selector":"#Desktops"}
  (Session info: chrome=101.0.4951.54)
For documentation on this error, please visit: https://selenium.dev/exceptions/#no_such_element
Build info: version: '4.0.0', revision: '3a21814679'
System info: host: 'CHANDANA', ip: '192.168.0.38', os.name: 'Windows 10', os.arch: 'amd64', os.version: '10.0', java.version: '1.8.0_121'
Driver info: org.openqa.selenium.chrome.ChromeDriver
Command: [1516af954f2ebfd9ef13f1f186ff4c55, findElement {using=id, value=Desktops}]
Capabilities {acceptInsecureCerts: false, browserName: chrome, browserVersion: 101.0.4951.54, chrome: {chromedriverVersion: 101.0.4951.41 (93c720db8323..., userDataDir: C:\Users\chand\AppData\Loca...}, goog:chromeOptions: {debuggerAddress: localhost:61008}, javascriptEnabled: true, networkConnectionEnabled: false, pageLoadStrategy: normal, platform: WINDOWS, platformName: WINDOWS, proxy: Proxy(), se:cdp: ws://localhost:61008/devtoo..., se:cdpVersion: 101.0.4951.54, setWindowRect: true, strictFileInteractability: false, timeouts: {implicit: 0, pageLoad: 300000, script: 30000}, unhandledPromptBehavior: dismiss and notify, webauthn:extension:credBlob: true, webauthn:extension:largeBlob: true, webauthn:virtualAuthenticators: true}
Session ID: 1516af954f2ebfd9ef13f1f186ff4c55
	at sun.reflect.NativeConstructorAccessorImpl.newInstance0(Native Method)
	at sun.reflect.NativeConstructorAccessorImpl.newInstance(NativeConstructorAccessorImpl.java:62)
	at sun.reflect.DelegatingConstructorAccessorImpl.newInstance(DelegatingConstructorAccessorImpl.java:45)
	at java.lang.reflect.Constructor.newInstance(Constructor.java:423)
	at org.openqa.selenium.remote.codec.w3c.W3CHttpResponseCodec.createException(W3CHttpResponseCodec.java:200)
	at org.openqa.selenium.remote.codec.w3c.W3CHttpResponseCodec.decode(W3CHttpResponseCodec.java:133)
	at org.openqa.selenium.remote.codec.w3c.W3CHttpResponseCodec.decode(W3CHttpResponseCodec.java:53)
	at org.openqa.selenium.remote.HttpCommandExecutor.execute(HttpCommandExecutor.java:184)
	at org.openqa.selenium.remote.service.DriverCommandExecutor.invokeExecute(DriverCommandExecutor.java:164)
	at org.openqa.selenium.remote.service.DriverCommandExecutor.execute(DriverCommandExecutor.java:139)
	at org.openqa.selenium.remote.RemoteWebDriver.execute(RemoteWebDriver.java:559)
	at org.openqa.selenium.remote.ElementLocation$ElementFinder$2.findElement(ElementLocation.java:162)
	at org.openqa.selenium.remote.ElementLocation.findElement(ElementLocation.java:66)
	at org.openqa.selenium.remote.RemoteWebDriver.findElement(RemoteWebDriver.java:383)
	at org.openqa.selenium.remote.RemoteWebDriver.findElement(RemoteWebDriver.java:375)
	at org.openqa.selenium.support.pagefactory.DefaultElementLocator.findElement(DefaultElementLocator.java:70)
	at org.openqa.selenium.support.pagefactory.internal.LocatingElementHandler.invoke(LocatingElementHandler.java:39)
	at com.sun.proxy.$Proxy22.click(Unknown Source)
	at com.nopcommerce.demo.utility.Utility.clickOnElement(Utility.java:53)
	at com.nopcommerce.demo.pages.ComputerPage.clickOnDesktopLink(ComputerPage.java:39)
	at com.nopcommerce.demo.steps.ComputerPageTest.iClickOnDesktopTab(ComputerPageTest.java:24)
	at ✽.When I click on Desktop tab(computer.feature:17)
</pre></div>
					</li>
					<li test-id='23' class='node and skip' status='skip'><b>And</b>
						<span class="bdd-step-name">And I click on "build your own computer"</span>
							<div class='pre'>skipped</div>
					</li>
					<li test-id='24' class='node and skip' status='skip'><b>And</b>
						<span class="bdd-step-name">And I select processor "2.5GHz Intel Pentium Dual-Core E2200 [+$15.00]"</span>
							<div class='pre'>skipped</div>
					</li>
					<li test-id='25' class='node and skip' status='skip'><b>And</b>
						<span class="bdd-step-name">And I select RAM "4GB [+$20.00]"</span>
							<div class='pre'>skipped</div>
					</li>
					<li test-id='26' class='node and skip' status='skip'><b>And</b>
						<span class="bdd-step-name">And I select HDD "400 GB [+$100.00]"</span>
							<div class='pre'>skipped</div>
					</li>
					<li test-id='27' class='node and skip' status='skip'><b>And</b>
						<span class="bdd-step-name">And I select OS "Vista Premium [+$60.00]"</span>
							<div class='pre'>skipped</div>
					</li>
					<li test-id='28' class='node and skip' status='skip'><b>And</b>
						<span class="bdd-step-name">And I select Software "Vista Premium [+$60.00]"</span>
							<div class='pre'>skipped</div>
					</li>
					<li test-id='29' class='node and skip' status='skip'><b>And</b>
						<span class="bdd-step-name">And I click on ADD TO CART Butoon</span>
							<div class='pre'>skipped</div>
					</li>
					<li test-id='30' class='node then skip' status='skip'><b>Then</b>
						<span class="bdd-step-name">Then I should be able to verify message "The product has been added to your shopping cart"</span>
						<ul class='screenshots right'>
							<li><a data-featherlight="image" href="C:\Users\chand\IdeaProjects\nopcommerce-cucumber/src/main/java/com/nopcommerce/demo/screenshots/As_a_user_I_should_be_able_to_build_my_own_computer20220516054433.png"><i class='material-icons'>panorama</i></a></li>
						</ul>
							<div class='pre'>skipped</div>
					</li>
				</ul>
		</li>
		<li test-id='31' class='node scenario fail' status='fail'>
			
			<b>Scenario</b>
			
			<span class="bdd-step-name">As a user I should be able to build my own computer</span>
			
				<ul class='steps'>
					<li test-id='32' class='node when fail' status='fail'><b>When</b>
						<span class="bdd-step-name">When I click on Desktop tab</span>
							<div class='pre'><pre>org.openqa.selenium.NoSuchElementException: no such element: Unable to locate element: {"method":"css selector","selector":"#Desktops"}
  (Session info: chrome=101.0.4951.54)
For documentation on this error, please visit: https://selenium.dev/exceptions/#no_such_element
Build info: version: '4.0.0', revision: '3a21814679'
System info: host: 'CHANDANA', ip: '192.168.0.38', os.name: 'Windows 10', os.arch: 'amd64', os.version: '10.0', java.version: '1.8.0_121'
Driver info: org.openqa.selenium.chrome.ChromeDriver
Command: [f8dba373337f8e8b7ba889754078ff83, findElement {using=id, value=Desktops}]
Capabilities {acceptInsecureCerts: false, browserName: chrome, browserVersion: 101.0.4951.54, chrome: {chromedriverVersion: 101.0.4951.41 (93c720db8323..., userDataDir: C:\Users\chand\AppData\Loca...}, goog:chromeOptions: {debuggerAddress: localhost:61065}, javascriptEnabled: true, networkConnectionEnabled: false, pageLoadStrategy: normal, platform: WINDOWS, platformName: WINDOWS, proxy: Proxy(), se:cdp: ws://localhost:61065/devtoo..., se:cdpVersion: 101.0.4951.54, setWindowRect: true, strictFileInteractability: false, timeouts: {implicit: 0, pageLoad: 300000, script: 30000}, unhandledPromptBehavior: dismiss and notify, webauthn:extension:credBlob: true, webauthn:extension:largeBlob: true, webauthn:virtualAuthenticators: true}
Session ID: f8dba373337f8e8b7ba889754078ff83
	at sun.reflect.NativeConstructorAccessorImpl.newInstance0(Native Method)
	at sun.reflect.NativeConstructorAccessorImpl.newInstance(NativeConstructorAccessorImpl.java:62)
	at sun.reflect.DelegatingConstructorAccessorImpl.newInstance(DelegatingConstructorAccessorImpl.java:45)
	at java.lang.reflect.Constructor.newInstance(Constructor.java:423)
	at org.openqa.selenium.remote.codec.w3c.W3CHttpResponseCodec.createException(W3CHttpResponseCodec.java:200)
	at org.openqa.selenium.remote.codec.w3c.W3CHttpResponseCodec.decode(W3CHttpResponseCodec.java:133)
	at org.openqa.selenium.remote.codec.w3c.W3CHttpResponseCodec.decode(W3CHttpResponseCodec.java:53)
	at org.openqa.selenium.remote.HttpCommandExecutor.execute(HttpCommandExecutor.java:184)
	at org.openqa.selenium.remote.service.DriverCommandExecutor.invokeExecute(DriverCommandExecutor.java:164)
	at org.openqa.selenium.remote.service.DriverCommandExecutor.execute(DriverCommandExecutor.java:139)
	at org.openqa.selenium.remote.RemoteWebDriver.execute(RemoteWebDriver.java:559)
	at org.openqa.selenium.remote.ElementLocation$ElementFinder$2.findElement(ElementLocation.java:162)
	at org.openqa.selenium.remote.ElementLocation.findElement(ElementLocation.java:66)
	at org.openqa.selenium.remote.RemoteWebDriver.findElement(RemoteWebDriver.java:383)
	at org.openqa.selenium.remote.RemoteWebDriver.findElement(RemoteWebDriver.java:375)
	at org.openqa.selenium.support.pagefactory.DefaultElementLocator.findElement(DefaultElementLocator.java:70)
	at org.openqa.selenium.support.pagefactory.internal.LocatingElementHandler.invoke(LocatingElementHandler.java:39)
	at com.sun.proxy.$Proxy22.click(Unknown Source)
	at com.nopcommerce.demo.utility.Utility.clickOnElement(Utility.java:53)
	at com.nopcommerce.demo.pages.ComputerPage.clickOnDesktopLink(ComputerPage.java:39)
	at com.nopcommerce.demo.steps.ComputerPageTest.iClickOnDesktopTab(ComputerPageTest.java:24)
	at ✽.When I click on Desktop tab(computer.feature:17)
</pre></div>
					</li>
					<li test-id='33' class='node and skip' status='skip'><b>And</b>
						<span class="bdd-step-name">And I click on "build your own computer"</span>
							<div class='pre'>skipped</div>
					</li>
					<li test-id='34' class='node and skip' status='skip'><b>And</b>
						<span class="bdd-step-name">And I select processor "2.5 GHz Intel Pentium Dual-Core E2200 [+$15.00]"</span>
							<div class='pre'>skipped</div>
					</li>
					<li test-id='35' class='node and skip' status='skip'><b>And</b>
						<span class="bdd-step-name">And I select RAM "8GB [+$60.00]"</span>
							<div class='pre'>skipped</div>
					</li>
					<li test-id='36' class='node and skip' status='skip'><b>And</b>
						<span class="bdd-step-name">And I select HDD "320 GB"</span>
							<div class='pre'>skipped</div>
					</li>
					<li test-id='37' class='node and skip' status='skip'><b>And</b>
						<span class="bdd-step-name">And I select OS "Vista Home [+$50.00]"</span>
							<div class='pre'>skipped</div>
					</li>
					<li test-id='38' class='node and skip' status='skip'><b>And</b>
						<span class="bdd-step-name">And I select Software "Total Commander [+$5.00]"</span>
							<div class='pre'>skipped</div>
					</li>
					<li test-id='39' class='node and skip' status='skip'><b>And</b>
						<span class="bdd-step-name">And I click on ADD TO CART Butoon</span>
							<div class='pre'>skipped</div>
					</li>
					<li test-id='40' class='node then skip' status='skip'><b>Then</b>
						<span class="bdd-step-name">Then I should be able to verify message "The product has been added to your shopping cart"</span>
						<ul class='screenshots right'>
							<li><a data-featherlight="image" href="C:\Users\chand\IdeaProjects\nopcommerce-cucumber/src/main/java/com/nopcommerce/demo/screenshots/As_a_user_I_should_be_able_to_build_my_own_computer20220516054455.png"><i class='material-icons'>panorama</i></a></li>
						</ul>
							<div class='pre'>skipped</div>
					</li>
				</ul>
		</li>
	</ul>
</div>
					</div>
				</li>
				
				
				<li class='test displayed active has-leaf fail' status='fail' bdd='true' test-id='41'>
					<div class='test-heading'>
						<span class='test-name'>Login Test</span>
						<span class='test-time'>May 16, 2022 05:44:56 PM</span>
						<span class='test-status right fail'>fail</span>
					</div>
					<div class='test-content hide'>
<div class='scenario node' test-id='42' status='pass'>
	<div class='category-list'>
		<span class='category label white-text'>@sanity,</span>
		<span class='category label white-text'>@smoke,</span>
		<span class='category label white-text'>@regression</span>
	</div>
	<span class='duration right label'>0h 0m 2s+891ms</span>
	<div class='desc'>
		<b>Scenario</b>
		<span class="desc-text">User should navigate to login page successfully</span>
	</div>
	<ul class='steps'>
		<li test-id='43' class='node given pass' status='pass'>
			
			<b>Given</b>
			
			<span class="bdd-step-name">Given Iam on homepage</span>
				<div class='pre'>passed</div>
			
		</li>
		<li test-id='44' class='node when pass' status='pass'>
			
			<b>When</b>
			
			<span class="bdd-step-name">When I click On login link</span>
				<div class='pre'>passed</div>
			
		</li>
		<li test-id='45' class='node then pass' status='pass'>
			
			<b>Then</b>
			
			<span class="bdd-step-name">Then I should be able to see "Welcome, Please sign In!"</span>
				<div class='pre'>passed</div>
			
		</li>
	</ul>
</div>
<div class='scenario node' test-id='46' status='fail'>
	<div class='category-list'>
		<span class='category label white-text'>@smoke,</span>
		<span class='category label white-text'>@regression</span>
	</div>
	<span class='duration right label'>0h 0m 43s+98ms</span>
	<div class='desc'>
		<b>Scenario</b>
		<span class="desc-text">verify the error message with invalid credentials</span>
	</div>
	<ul class='steps'>
		<li test-id='47' class='node given pass' status='pass'>
			
			<b>Given</b>
			
			<span class="bdd-step-name">Given Iam on homepage</span>
				<div class='pre'>passed</div>
			
		</li>
		<li test-id='48' class='node when pass' status='pass'>
			
			<b>When</b>
			
			<span class="bdd-step-name">When I click On login link</span>
				<div class='pre'>passed</div>
			
		</li>
		<li test-id='49' class='node and pass' status='pass'>
			
			<b>And</b>
			
			<span class="bdd-step-name">And I enter email "prime123gmail.com"</span>
				<div class='pre'>passed</div>
			
		</li>
		<li test-id='50' class='node and pass' status='pass'>
			
			<b>And</b>
			
			<span class="bdd-step-name">And I enter password "xyz123"</span>
				<div class='pre'>passed</div>
			
		</li>
		<li test-id='51' class='node and pass' status='pass'>
			
			<b>And</b>
			
			<span class="bdd-step-name">And I click on login button</span>
				<div class='pre'>passed</div>
			
		</li>
		<li test-id='52' class='node then fail' status='fail'>
			
			<b>Then</b>
			
			<span class="bdd-step-name">Then I should see the error message "Login was unsuccessful"</span>
			<ul class='screenshots right'>
				<li><a data-featherlight="image" href="C:\Users\chand\IdeaProjects\nopcommerce-cucumber/src/main/java/com/nopcommerce/demo/screenshots/verify_the_error_message_with_invalid_credentials20220516054543.png"><i class='material-icons'>panorama</i></a></li>
			</ul>
				<div class='pre'><pre>org.openqa.selenium.NoSuchElementException: no such element: Unable to locate element: {"method":"xpath","selector":"//div[@class='message-error validation-summary-errors']"}
  (Session info: chrome=101.0.4951.54)
For documentation on this error, please visit: https://selenium.dev/exceptions/#no_such_element
Build info: version: '4.0.0', revision: '3a21814679'
System info: host: 'CHANDANA', ip: '192.168.0.38', os.name: 'Windows 10', os.arch: 'amd64', os.version: '10.0', java.version: '1.8.0_121'
Driver info: org.openqa.selenium.chrome.ChromeDriver
Command: [c5e502dc01d18a2b04a037bf9375424c, findElement {using=xpath, value=//div[@class='message-error validation-summary-errors']}]
Capabilities {acceptInsecureCerts: false, browserName: chrome, browserVersion: 101.0.4951.54, chrome: {chromedriverVersion: 101.0.4951.41 (93c720db8323..., userDataDir: C:\Users\chand\AppData\Loca...}, goog:chromeOptions: {debuggerAddress: localhost:61123}, javascriptEnabled: true, networkConnectionEnabled: false, pageLoadStrategy: normal, platform: WINDOWS, platformName: WINDOWS, proxy: Proxy(), se:cdp: ws://localhost:61123/devtoo..., se:cdpVersion: 101.0.4951.54, setWindowRect: true, strictFileInteractability: false, timeouts: {implicit: 0, pageLoad: 300000, script: 30000}, unhandledPromptBehavior: dismiss and notify, webauthn:extension:credBlob: true, webauthn:extension:largeBlob: true, webauthn:virtualAuthenticators: true}
Session ID: c5e502dc01d18a2b04a037bf9375424c
	at sun.reflect.NativeConstructorAccessorImpl.newInstance0(Native Method)
	at sun.reflect.NativeConstructorAccessorImpl.newInstance(NativeConstructorAccessorImpl.java:62)
	at sun.reflect.DelegatingConstructorAccessorImpl.newInstance(DelegatingConstructorAccessorImpl.java:45)
	at java.lang.reflect.Constructor.newInstance(Constructor.java:423)
	at org.openqa.selenium.remote.codec.w3c.W3CHttpResponseCodec.createException(W3CHttpResponseCodec.java:200)
	at org.openqa.selenium.remote.codec.w3c.W3CHttpResponseCodec.decode(W3CHttpResponseCodec.java:133)
	at org.openqa.selenium.remote.codec.w3c.W3CHttpResponseCodec.decode(W3CHttpResponseCodec.java:53)
	at org.openqa.selenium.remote.HttpCommandExecutor.execute(HttpCommandExecutor.java:184)
	at org.openqa.selenium.remote.service.DriverCommandExecutor.invokeExecute(DriverCommandExecutor.java:164)
	at org.openqa.selenium.remote.service.DriverCommandExecutor.execute(DriverCommandExecutor.java:139)
	at org.openqa.selenium.remote.RemoteWebDriver.execute(RemoteWebDriver.java:559)
	at org.openqa.selenium.remote.ElementLocation$ElementFinder$2.findElement(ElementLocation.java:162)
	at org.openqa.selenium.remote.ElementLocation.findElement(ElementLocation.java:60)
	at org.openqa.selenium.remote.RemoteWebDriver.findElement(RemoteWebDriver.java:383)
	at org.openqa.selenium.remote.RemoteWebDriver.findElement(RemoteWebDriver.java:375)
	at org.openqa.selenium.support.pagefactory.DefaultElementLocator.findElement(DefaultElementLocator.java:70)
	at org.openqa.selenium.support.pagefactory.internal.LocatingElementHandler.invoke(LocatingElementHandler.java:39)
	at com.sun.proxy.$Proxy22.getText(Unknown Source)
	at com.nopcommerce.demo.utility.Utility.getTextFromElement(Utility.java:64)
	at com.nopcommerce.demo.pages.LoginPage.getErrorMessage(LoginPage.java:52)
	at com.nopcommerce.demo.steps.LoginTest.iShouldSeeTheErrorMessage(LoginTest.java:63)
	at ✽.Then I should see the error message "Login was unsuccessful"(login.feature:15)
</pre></div>
			
		</li>
	</ul>
</div>
<div class='scenario node' test-id='53' status='pass'>
	<div class='category-list'>
		<span class='category label white-text'>@regression</span>
	</div>
	<span class='duration right label'>0h 0m 3s+359ms</span>
	<div class='desc'>
		<b>Scenario</b>
		<span class="desc-text">verify user should successfully login with valid credentials</span>
	</div>
	<ul class='steps'>
		<li test-id='54' class='node given pass' status='pass'>
			
			<b>Given</b>
			
			<span class="bdd-step-name">Given Iam on homepage</span>
				<div class='pre'>passed</div>
			
		</li>
		<li test-id='55' class='node when pass' status='pass'>
			
			<b>When</b>
			
			<span class="bdd-step-name">When I click On login link</span>
				<div class='pre'>passed</div>
			
		</li>
		<li test-id='56' class='node and pass' status='pass'>
			
			<b>And</b>
			
			<span class="bdd-step-name">And I enter email "testing789@gmail.com"</span>
				<div class='pre'>passed</div>
			
		</li>
		<li test-id='57' class='node and pass' status='pass'>
			
			<b>And</b>
			
			<span class="bdd-step-name">And I enter password "xyz123"</span>
				<div class='pre'>passed</div>
			
		</li>
		<li test-id='58' class='node and pass' status='pass'>
			
			<b>And</b>
			
			<span class="bdd-step-name">And I click on login button</span>
				<div class='pre'>passed</div>
			
		</li>
		<li test-id='59' class='node then pass' status='pass'>
			
			<b>Then</b>
			
			<span class="bdd-step-name">Then I should see log out link display</span>
				<div class='pre'>passed</div>
			
		</li>
	</ul>
</div>
<div class='scenario node' test-id='60' status='pass'>
	<div class='category-list'>
		<span class='category label white-text'>@regression</span>
	</div>
	<span class='duration right label'>0h 0m 3s+335ms</span>
	<div class='desc'>
		<b>Scenario</b>
		<span class="desc-text">verify user should logout successfully</span>
	</div>
	<ul class='steps'>
		<li test-id='61' class='node given pass' status='pass'>
			
			<b>Given</b>
			
			<span class="bdd-step-name">Given Iam on homepage</span>
				<div class='pre'>passed</div>
			
		</li>
		<li test-id='62' class='node when pass' status='pass'>
			
			<b>When</b>
			
			<span class="bdd-step-name">When I click On login link</span>
				<div class='pre'>passed</div>
			
		</li>
		<li test-id='63' class='node and pass' status='pass'>
			
			<b>And</b>
			
			<span class="bdd-step-name">And I enter email "testing789@gmail.com"</span>
				<div class='pre'>passed</div>
			
		</li>
		<li test-id='64' class='node and pass' status='pass'>
			
			<b>And</b>
			
			<span class="bdd-step-name">And I enter password "xyz123"</span>
				<div class='pre'>passed</div>
			
		</li>
		<li test-id='65' class='node and pass' status='pass'>
			
			<b>And</b>
			
			<span class="bdd-step-name">And I click on login button</span>
				<div class='pre'>passed</div>
			
		</li>
		<li test-id='66' class='node then pass' status='pass'>
			
			<b>Then</b>
			
			<span class="bdd-step-name">Then I should login successfully</span>
				<div class='pre'>passed</div>
			
		</li>
		<li test-id='67' class='node and pass' status='pass'>
			
			<b>And</b>
			
			<span class="bdd-step-name">And I should see log out option</span>
				<div class='pre'>passed</div>
			
		</li>
	</ul>
</div>
					</div>
				</li>
				
				
				<li class='test displayed active has-leaf fail' status='fail' bdd='true' test-id='68'>
					<div class='test-heading'>
						<span class='test-name'>Register Test</span>
						<span class='test-time'>May 16, 2022 05:45:52 PM</span>
						<span class='test-status right fail'>fail</span>
					</div>
					<div class='test-content hide'>
<div class='scenario node' test-id='69' status='fail'>
	<div class='category-list'>
		<span class='category label white-text'>@smoke,</span>
		<span class='category label white-text'>@sanity,</span>
		<span class='category label white-text'>@regression</span>
	</div>
	<span class='duration right label'>0h 0m 2s+652ms</span>
	<div class='desc'>
		<b>Scenario</b>
		<span class="desc-text">verify user should navigate to register page successfully</span>
	</div>
	<ul class='steps'>
		<li test-id='70' class='node given pass' status='pass'>
			
			<b>Given</b>
			
			<span class="bdd-step-name">Given Iam on homepage</span>
				<div class='pre'>passed</div>
			
		</li>
		<li test-id='71' class='node when pass' status='pass'>
			
			<b>When</b>
			
			<span class="bdd-step-name">When I click on register link</span>
				<div class='pre'>passed</div>
			
		</li>
		<li test-id='72' class='node then pass' status='pass'>
			
			<b>Then</b>
			
			<span class="bdd-step-name">Then I should be able to navigate to the registration page</span>
				<div class='pre'>passed</div>
			
		</li>
		<li test-id='73' class='node and fail' status='fail'>
			
			<b>And</b>
			
			<span class="bdd-step-name">And I should be able to see the "register" page title</span>
			<ul class='screenshots right'>
				<li><a data-featherlight="image" href="C:\Users\chand\IdeaProjects\nopcommerce-cucumber/src/main/java/com/nopcommerce/demo/screenshots/verify_user_should_navigate_to_register_page_successfully20220516054554.png"><i class='material-icons'>panorama</i></a></li>
			</ul>
				<div class='pre'><pre>java.lang.AssertionError: expected [Register] but found [register]
	at org.testng.Assert.fail(Assert.java:96)
	at org.testng.Assert.failNotEquals(Assert.java:776)
	at org.testng.Assert.assertEqualsImpl(Assert.java:137)
	at org.testng.Assert.assertEquals(Assert.java:118)
	at org.testng.Assert.assertEquals(Assert.java:453)
	at org.testng.Assert.assertEquals(Assert.java:463)
	at com.nopcommerce.demo.steps.RegisterPageTest.iShouldBeAbleToSeeThePageTitle(RegisterPageTest.java:23)
	at ✽.And I should be able to see the "register" page title(register.feature:11)
</pre></div>
			
		</li>
	</ul>
</div>
<div class='scenario node' test-id='74' status='skip'>
	<div class='category-list'>
		<span class='category label white-text'>@smoke,</span>
		<span class='category label white-text'>@regression</span>
	</div>
	<span class='duration right label'>0h 0m 2s+557ms</span>
	<div class='desc'>
		<b>Scenario</b>
		<span class="desc-text">User should not be able to register with any empty mandatory field</span>
	</div>
	<ul class='steps'>
		<li test-id='75' class='node given skip' status='skip'>
			
			<b>Given</b>
			
			<span class="bdd-step-name">Given I click on register button</span>
				<div class='pre'>undefined</div>
			
		</li>
		<li test-id='76' class='node when skip' status='skip'>
			
			<b>When</b>
			
			<span class="bdd-step-name">When I did not enter First name "FirstName"</span>
				<div class='pre'>skipped</div>
			
		</li>
		<li test-id='77' class='node then skip' status='skip'>
			
			<b>Then</b>
			
			<span class="bdd-step-name">Then I should see message "First name is required"</span>
				<div class='pre'>skipped</div>
			
		</li>
		<li test-id='78' class='node when skip' status='skip'>
			
			<b>When</b>
			
			<span class="bdd-step-name">When I did not enter Last name "Lastname"</span>
				<div class='pre'>skipped</div>
			
		</li>
		<li test-id='79' class='node then skip' status='skip'>
			
			<b>Then</b>
			
			<span class="bdd-step-name">Then I should see message "Last name is required"</span>
				<div class='pre'>skipped</div>
			
		</li>
		<li test-id='80' class='node when skip' status='skip'>
			
			<b>When</b>
			
			<span class="bdd-step-name">When I did not enter Email "Email"</span>
				<div class='pre'>skipped</div>
			
		</li>
		<li test-id='81' class='node and skip' status='skip'>
			
			<b>And</b>
			
			<span class="bdd-step-name">And I should see message "Email is required"</span>
				<div class='pre'>skipped</div>
			
		</li>
		<li test-id='82' class='node when skip' status='skip'>
			
			<b>When</b>
			
			<span class="bdd-step-name">When I did not enter Password "password"</span>
				<div class='pre'>skipped</div>
			
		</li>
		<li test-id='83' class='node and skip' status='skip'>
			
			<b>And</b>
			
			<span class="bdd-step-name">And I should see message "Password is required"</span>
				<div class='pre'>skipped</div>
			
		</li>
		<li test-id='84' class='node when skip' status='skip'>
			
			<b>When</b>
			
			<span class="bdd-step-name">When I did not enter confirm Password "Confirm password"</span>
				<div class='pre'>skipped</div>
			
		</li>
		<li test-id='85' class='node and skip' status='skip'>
			
			<b>And</b>
			
			<span class="bdd-step-name">And I should see the error message "Password is required"</span>
				<div class='pre'>skipped</div>
			
		</li>
	</ul>
</div>
<div class='scenario node' test-id='86' status='fail'>
	<div class='category-list'>
		<span class='category label white-text'>@regression</span>
	</div>
	<span class='duration right label'>0h 0m 2s+265ms</span>
	<div class='desc'>
		<b>Scenario</b>
		<span class="desc-text">Verify user should create account successfully</span>
	</div>
	<ul class='steps'>
		<li test-id='87' class='node when pass' status='pass'>
			
			<b>When</b>
			
			<span class="bdd-step-name">When I click on register link</span>
				<div class='pre'>passed</div>
			
		</li>
		<li test-id='88' class='node and fail' status='fail'>
			
			<b>And</b>
			
			<span class="bdd-step-name">And I select gender "Female"</span>
				<div class='pre'><pre>cucumber.runtime.CucumberException: Arity mismatch: Step Definition 'com.nopcommerce.demo.steps.RegisterPageTest.iSelectGender() in file:/C:/Users/chand/IdeaProjects/nopcommerce-cucumber/target/test-classes/' with pattern [^I select gender "([^"]*)"$] is declared with 0 parameters. However, the gherkin step has 1 arguments [Female]. 
Step: And I select gender "Female"
	at cucumber.runtime.StepDefinitionMatch.arityMismatch(StepDefinitionMatch.java:102)
	at cucumber.runtime.StepDefinitionMatch.transformedArgs(StepDefinitionMatch.java:60)
	at cucumber.runtime.StepDefinitionMatch.runStep(StepDefinitionMatch.java:37)
	at cucumber.runtime.Runtime.runStep(Runtime.java:300)
	at cucumber.runtime.model.StepContainer.runStep(StepContainer.java:44)
	at cucumber.runtime.model.StepContainer.runSteps(StepContainer.java:39)
	at cucumber.runtime.model.CucumberScenario.run(CucumberScenario.java:44)
	at cucumber.runtime.junit.ExecutionUnitRunner.run(ExecutionUnitRunner.java:102)
	at cucumber.runtime.junit.FeatureRunner.runChild(FeatureRunner.java:63)
	at cucumber.runtime.junit.FeatureRunner.runChild(FeatureRunner.java:18)
	at org.junit.runners.ParentRunner$3.run(ParentRunner.java:238)
	at org.junit.runners.ParentRunner$1.schedule(ParentRunner.java:63)
	at org.junit.runners.ParentRunner.runChildren(ParentRunner.java:236)
	at org.junit.runners.ParentRunner.access$000(ParentRunner.java:53)
	at org.junit.runners.ParentRunner$2.evaluate(ParentRunner.java:229)
	at org.junit.runners.ParentRunner.run(ParentRunner.java:309)
	at cucumber.runtime.junit.FeatureRunner.run(FeatureRunner.java:70)
	at cucumber.api.junit.Cucumber.runChild(Cucumber.java:95)
	at cucumber.api.junit.Cucumber.runChild(Cucumber.java:38)
	at org.junit.runners.ParentRunner$3.run(ParentRunner.java:238)
	at org.junit.runners.ParentRunner$1.schedule(ParentRunner.java:63)
	at org.junit.runners.ParentRunner.runChildren(ParentRunner.java:236)
	at org.junit.runners.ParentRunner.access$000(ParentRunner.java:53)
	at org.junit.runners.ParentRunner$2.evaluate(ParentRunner.java:229)
	at org.junit.internal.runners.statements.RunAfters.evaluate(RunAfters.java:27)
	at org.junit.runners.ParentRunner.run(ParentRunner.java:309)
	at cucumber.api.junit.Cucumber.run(Cucumber.java:100)
	at org.junit.runner.JUnitCore.run(JUnitCore.java:160)
	at com.intellij.junit4.JUnit4IdeaTestRunner.startRunnerWithArgs(JUnit4IdeaTestRunner.java:69)
	at com.intellij.rt.junit.IdeaTestRunner$Repeater$1.execute(IdeaTestRunner.java:38)
	at com.intellij.rt.execution.junit.TestsRepeater.repeat(TestsRepeater.java:11)
	at com.intellij.rt.junit.IdeaTestRunner$Repeater.startRunnerWithArgs(IdeaTestRunner.java:35)
	at com.intellij.rt.junit.JUnitStarter.prepareStreamsAndStart(JUnitStarter.java:235)
	at com.intellij.rt.junit.JUnitStarter.main(JUnitStarter.java:54)
</pre></div>
			
		</li>
		<li test-id='89' class='node and skip' status='skip'>
			
			<b>And</b>
			
			<span class="bdd-step-name">And I enter first name "abcd"</span>
				<div class='pre'>skipped</div>
			
		</li>
		<li test-id='90' class='node and skip' status='skip'>
			
			<b>And</b>
			
			<span class="bdd-step-name">And I enter lastname "xyza"</span>
				<div class='pre'>skipped</div>
			
		</li>
		<li test-id='91' class='node and skip' status='skip'>
			
			<b>And</b>
			
			<span class="bdd-step-name">And I select day "4"</span>
				<div class='pre'>skipped</div>
			
		</li>
		<li test-id='92' class='node and skip' status='skip'>
			
			<b>And</b>
			
			<span class="bdd-step-name">And I select month "august"</span>
				<div class='pre'>skipped</div>
			
		</li>
		<li test-id='93' class='node and skip' status='skip'>
			
			<b>And</b>
			
			<span class="bdd-step-name">And I select year "1990"</span>
				<div class='pre'>skipped</div>
			
		</li>
		<li test-id='94' class='node and skip' status='skip'>
			
			<b>And</b>
			
			<span class="bdd-step-name">And I enter email "testing789@gmail.com"</span>
				<div class='pre'>skipped</div>
			
		</li>
		<li test-id='95' class='node and skip' status='skip'>
			
			<b>And</b>
			
			<span class="bdd-step-name">And I enter password "xyz123"</span>
				<div class='pre'>skipped</div>
			
		</li>
		<li test-id='96' class='node and skip' status='skip'>
			
			<b>And</b>
			
			<span class="bdd-step-name">And I enter confirm password "xyz123"</span>
				<div class='pre'>skipped</div>
			
		</li>
		<li test-id='97' class='node and skip' status='skip'>
			
			<b>And</b>
			
			<span class="bdd-step-name">And I click on Register button</span>
				<div class='pre'>skipped</div>
			
		</li>
		<li test-id='98' class='node then skip' status='skip'>
			
			<b>Then</b>
			
			<span class="bdd-step-name">Then I should be able to verify message "Your registration completed"</span>
			<ul class='screenshots right'>
				<li><a data-featherlight="image" href="C:\Users\chand\IdeaProjects\nopcommerce-cucumber/src/main/java/com/nopcommerce/demo/screenshots/Verify_user_should_create_account_successfully20220516054600.png"><i class='material-icons'>panorama</i></a></li>
			</ul>
				<div class='pre'>skipped</div>
			
		</li>
	</ul>
</div>
					</div>
				</li>
			</ul>
		</div>
	</div>
	<!-- subview left -->

	<div class='subview-right left'>
		<div class='view-summary'>
			<h5 class='test-name'></h5>

			<div id='step-filters' class="right">
				<span class="blue-text" status="info" alt="info" title="info"><i class="material-icons">info_outline</i></span>
				<span class="green-text" status="pass" alt="pass" title="pass"><i class="material-icons">check_circle</i></span>
				<span class="red-text" status="fail" alt="fail" title="fail"><i class="material-icons">cancel</i></span>
				<span class="red-text text-darken-4" status="fatal" alt="fatal" title="fatal"><i class="material-icons">cancel</i></span>
				<span class="pink-text text-lighten-1" status="error" alt="error" title="error"><i class="material-icons">error</i></span>
				<span class="orange-text" alt="warning" status="warning" title="warning"><i class="material-icons">warning</i></span>
				<span class="teal-text" status="skip" alt="skip" title="skip"><i class="material-icons">redo</i></span>
				<span status="clear" alt="Clear filters" title="Clear filters"><i class="material-icons">clear</i></span>
			</div>
		</div>
	</div>
	<!-- subview right -->

</div>
<!-- test view -->
<div id='category-view' class='view hide'>

	<section id='controls'>
		<div class='controls grey lighten-4'>
			<!-- search -->
			<div class='chip transparent' alt='Search Tests' title='Search Tests'>
				<a href="#" class='search-div'>
					<i class='material-icons'>search</i> Search
				</a>
				
				<div class='input-field left hide'>
					<input id='search-tests' type='text' class='validate browser-default' placeholder='Search Tests...'>
				</div>
				
			</div>
			<!-- search -->
		</div>
	</section>

	<div class='subview-left left'>
		
		<div class='view-summary'>
			<h5>Categories</h3>
			<ul id='category-collection' class='category-collection'>
				
				<li class='category displayed active'>
					<div class='category-heading'>
						<span class='category-name'>@sanity,</span>
						<span class='category-status right'>
							<span class='label pass'>1</span>
							<span class='label fail'>1</span>
						</span>
					</div>
					<div class='category-content hide'>
						<div class='category-status-counts'>
							<span class='label green accent-4 white-text'>Passed: 1</span>
							<span class='label red lighten-1 white-text'>Failed: 1</span>
							
						</div>
					
						<div class='category-tests'>
							<table class='bordered table-results'>
								<thead>
									<tr>
										<th>Timestamp</th>
										<th>TestName</th>
										<th>Status</th>
									</tr>
								</thead>
								<tbody>
									<tr>
										<td>May 16, 2022 05:44:56 PM</td>
										<td class='linked' test-id='42'>Login Test.User should navigate to login page successfully</td>
										<td><span class='test-status pass'>pass</span></td>
									</tr>
									<tr>
										<td>May 16, 2022 05:45:52 PM</td>
										<td class='linked' test-id='69'>Register Test.verify user should navigate to register page successfully</td>
										<td><span class='test-status fail'>fail</span></td>
									</tr>
								</tbody>
							</table>
						</div>
					</div>
				</li>
				<li class='category displayed active'>
					<div class='category-heading'>
						<span class='category-name'>@smoke,</span>
						<span class='category-status right'>
							<span class='label pass'>1</span>
							<span class='label fail'>2</span>
							<span class='label others'>1</span>
						</span>
					</div>
					<div class='category-content hide'>
						<div class='category-status-counts'>
							<span class='label green accent-4 white-text'>Passed: 1</span>
							<span class='label red lighten-1 white-text'>Failed: 2</span>
							<span class='label yellow darken-2 white-text'>Others: 1</span>
						</div>
					
						<div class='category-tests'>
							<table class='bordered table-results'>
								<thead>
									<tr>
										<th>Timestamp</th>
										<th>TestName</th>
										<th>Status</th>
									</tr>
								</thead>
								<tbody>
									<tr>
										<td>May 16, 2022 05:44:56 PM</td>
										<td class='linked' test-id='42'>Login Test.User should navigate to login page successfully</td>
										<td><span class='test-status pass'>pass</span></td>
									</tr>
									<tr>
										<td>May 16, 2022 05:45:00 PM</td>
										<td class='linked' test-id='46'>Login Test.verify the error message with invalid credentials</td>
										<td><span class='test-status fail'>fail</span></td>
									</tr>
									<tr>
										<td>May 16, 2022 05:45:52 PM</td>
										<td class='linked' test-id='69'>Register Test.verify user should navigate to register page successfully</td>
										<td><span class='test-status fail'>fail</span></td>
									</tr>
									<tr>
										<td>May 16, 2022 05:45:55 PM</td>
										<td class='linked' test-id='74'>Register Test.User should not be able to register with any empty mandatory field</td>
										<td><span class='test-status skip'>skip</span></td>
									</tr>
								</tbody>
							</table>
						</div>
					</div>
				</li>
				<li class='category displayed active'>
					<div class='category-heading'>
						<span class='category-name'>@regression</span>
						<span class='category-status right'>
							<span class='label pass'>3</span>
							<span class='label fail'>3</span>
							<span class='label others'>1</span>
						</span>
					</div>
					<div class='category-content hide'>
						<div class='category-status-counts'>
							<span class='label green accent-4 white-text'>Passed: 3</span>
							<span class='label red lighten-1 white-text'>Failed: 3</span>
							<span class='label yellow darken-2 white-text'>Others: 1</span>
						</div>
					
						<div class='category-tests'>
							<table class='bordered table-results'>
								<thead>
									<tr>
										<th>Timestamp</th>
										<th>TestName</th>
										<th>Status</th>
									</tr>
								</thead>
								<tbody>
									<tr>
										<td>May 16, 2022 05:44:56 PM</td>
										<td class='linked' test-id='42'>Login Test.User should navigate to login page successfully</td>
										<td><span class='test-status pass'>pass</span></td>
									</tr>
									<tr>
										<td>May 16, 2022 05:45:00 PM</td>
										<td class='linked' test-id='46'>Login Test.verify the error message with invalid credentials</td>
										<td><span class='test-status fail'>fail</span></td>
									</tr>
									<tr>
										<td>May 16, 2022 05:45:44 PM</td>
										<td class='linked' test-id='53'>Login Test.verify user should successfully login with valid credentials</td>
										<td><span class='test-status pass'>pass</span></td>
									</tr>
									<tr>
										<td>May 16, 2022 05:45:48 PM</td>
										<td class='linked' test-id='60'>Login Test.verify user should logout successfully</td>
										<td><span class='test-status pass'>pass</span></td>
									</tr>
									<tr>
										<td>May 16, 2022 05:45:52 PM</td>
										<td class='linked' test-id='69'>Register Test.verify user should navigate to register page successfully</td>
										<td><span class='test-status fail'>fail</span></td>
									</tr>
									<tr>
										<td>May 16, 2022 05:45:55 PM</td>
										<td class='linked' test-id='74'>Register Test.User should not be able to register with any empty mandatory field</td>
										<td><span class='test-status skip'>skip</span></td>
									</tr>
									<tr>
										<td>May 16, 2022 05:45:58 PM</td>
										<td class='linked' test-id='86'>Register Test.Verify user should create account successfully</td>
										<td><span class='test-status fail'>fail</span></td>
									</tr>
								</tbody>
							</table>
						</div>
					</div>
				</li>

			</ul>
		</div>
	</div>

	<div class='subview-right left'>
		<div class='view-summary'>
			<h5 class='category-name'></h5>
		</div>
	</div>
</div>
<!-- category view -->
<div id='exception-view' class='view hide'>

    <section id='controls'>
        <div class='controls grey lighten-4'>
            <!-- search -->
            <div class='chip transparent' alt='Search Tests' title='Search Tests'>
                <a href="#" class='search-div'>
                    <i class='material-icons'>search</i> Search
                </a>

                <div class='input-field left hide'>
                    <input id='search-tests' type='text' class='validate browser-default' placeholder='Search Tests...'>
                </div>

            </div>
            <!-- search -->
        </div>
    </section>

    <div class='subview-left left'>

        <div class='view-summary'>
            <h5>Exceptions</h3>
                <ul id='exception-collection' class='exception-collection'>

                        <li class='exception displayed active'>
                            <div class='exception-heading'>
                                <span class='exception-name'>org.openqa.selenium.json.JsonException</span>
                                <span class='exception-count right'><span class='label red lighten-1 white-text'>1</span></span>
                            </div>
                            <div class='exception-content hide'>
                                <div class='exception-tests'>
                                    <table class='bordered table-results'>
                                        <thead>
                                        <tr>
                                            <th>Timestamp</th>
                                            <th>TestName</th>
                                            <th>Status</th>
                                        </tr>
                                        </thead>
                                        <tbody>
                                                    <tr>
                                                        <td>May 16, 2022 05:43:02 PM</td>
                                                        <td class='linked' test-id='4'>computer Page Test.As a user I should navigate to computer page successfully.When I click on computer tab</td>
                                                        <td><pre><pre>org.openqa.selenium.json.JsonException: java.lang.reflect.InvocationTargetException
Build info: version: '4.0.0', revision: '3a21814679'
System info: host: 'CHANDANA', ip: '192.168.0.38', os.name: 'Windows 10', os.arch: 'amd64', os.version: '10.0', java.version: '1.8.0_121'
Driver info: org.openqa.selenium.chrome.ChromeDriver
Command: [f0753cda1b5b154838eec032d7dd950c, actions {actions=[org.openqa.selenium.interactions.Sequence@23811a09]}]
Capabilities {acceptInsecureCerts: false, browserName: chrome, browserVersion: 101.0.4951.54, chrome: {chromedriverVersion: 101.0.4951.41 (93c720db8323..., userDataDir: C:\Users\chand\AppData\Loca...}, goog:chromeOptions: {debuggerAddress: localhost:60884}, javascriptEnabled: true, networkConnectionEnabled: false, pageLoadStrategy: normal, platform: WINDOWS, platformName: WINDOWS, proxy: Proxy(), se:cdp: ws://localhost:60884/devtoo..., se:cdpVersion: 101.0.4951.54, setWindowRect: true, strictFileInteractability: false, timeouts: {implicit: 0, pageLoad: 300000, script: 30000}, unhandledPromptBehavior: dismiss and notify, webauthn:extension:credBlob: true, webauthn:extension:largeBlob: true, webauthn:virtualAuthenticators: true}
Session ID: f0753cda1b5b154838eec032d7dd950c
	at org.openqa.selenium.json.JsonOutput.convertUsingMethod(JsonOutput.java:362)
	at org.openqa.selenium.json.JsonOutput.lambda$new$16(JsonOutput.java:154)
	at org.openqa.selenium.json.JsonOutput.write(JsonOutput.java:287)
	at org.openqa.selenium.json.JsonOutput.lambda$new$22(JsonOutput.java:169)
	at java.util.stream.ForEachOps$ForEachOp$OfRef.accept(ForEachOps.java:184)
	at java.util.stream.ReferencePipeline$2$1.accept(ReferencePipeline.java:175)
	at java.util.Iterator.forEachRemaining(Iterator.java:116)
	at java.util.Spliterators$IteratorSpliterator.forEachRemaining(Spliterators.java:1801)
	at java.util.stream.AbstractPipeline.copyInto(AbstractPipeline.java:481)
	at java.util.stream.AbstractPipeline.wrapAndCopyInto(AbstractPipeline.java:471)
	at java.util.stream.ForEachOps$ForEachOp.evaluateSequential(ForEachOps.java:151)
	at java.util.stream.ForEachOps$ForEachOp$OfRef.evaluateSequential(ForEachOps.java:174)
	at java.util.stream.AbstractPipeline.evaluate(AbstractPipeline.java:234)
	at java.util.stream.ReferencePipeline.forEach(ReferencePipeline.java:418)
	at org.openqa.selenium.json.JsonOutput.lambda$new$23(JsonOutput.java:169)
	at org.openqa.selenium.json.JsonOutput.write(JsonOutput.java:287)
	at org.openqa.selenium.json.JsonOutput.lambda$new$24(JsonOutput.java:182)
	at com.google.common.collect.SingletonImmutableBiMap.forEach(SingletonImmutableBiMap.java:66)
	at org.openqa.selenium.json.JsonOutput.lambda$new$25(JsonOutput.java:177)
	at org.openqa.selenium.json.JsonOutput.write(JsonOutput.java:287)
	at org.openqa.selenium.json.JsonOutput.write(JsonOutput.java:278)
	at org.openqa.selenium.json.Json.toJson(Json.java:42)
	at org.openqa.selenium.remote.codec.AbstractHttpCommandCodec.encode(AbstractHttpCommandCodec.java:259)
	at org.openqa.selenium.remote.codec.AbstractHttpCommandCodec.encode(AbstractHttpCommandCodec.java:127)
	at org.openqa.selenium.remote.HttpCommandExecutor.execute(HttpCommandExecutor.java:172)
	at org.openqa.selenium.remote.service.DriverCommandExecutor.invokeExecute(DriverCommandExecutor.java:164)
	at org.openqa.selenium.remote.service.DriverCommandExecutor.execute(DriverCommandExecutor.java:139)
	at org.openqa.selenium.remote.RemoteWebDriver.execute(RemoteWebDriver.java:559)
	at org.openqa.selenium.remote.RemoteWebDriver.perform(RemoteWebDriver.java:627)
	at org.openqa.selenium.interactions.Actions$BuiltAction.perform(Actions.java:617)
	at org.openqa.selenium.interactions.Actions.perform(Actions.java:573)
	at com.nopcommerce.demo.utility.Utility.mouseHoverToElement(Utility.java:230)
	at com.nopcommerce.demo.pages.ComputerPage.clickOnComputer(ComputerPage.java:34)
	at com.nopcommerce.demo.steps.ComputerPageTest.iClickOnComputerTab(ComputerPageTest.java:15)
	at ✽.When I click on computer tab(computer.feature:7)
	Suppressed: org.openqa.selenium.json.JsonException: Attempting to close incomplete json stream
Build info: version: '4.0.0', revision: '3a21814679'
System info: host: 'CHANDANA', ip: '192.168.0.38', os.name: 'Windows 10', os.arch: 'amd64', os.version: '10.0', java.version: '1.8.0_121'
Driver info: driver.version: RemoteWebDriver
		at org.openqa.selenium.json.JsonOutput.close(JsonOutput.java:303)
		at org.openqa.selenium.json.Json.toJson(Json.java:40)
		at org.openqa.selenium.remote.codec.AbstractHttpCommandCodec.encode(AbstractHttpCommandCodec.java:259)
		at org.openqa.selenium.remote.codec.AbstractHttpCommandCodec.encode(AbstractHttpCommandCodec.java:127)
		at org.openqa.selenium.remote.HttpCommandExecutor.execute(HttpCommandExecutor.java:172)
		at org.openqa.selenium.remote.service.DriverCommandExecutor.invokeExecute(DriverCommandExecutor.java:164)
		at org.openqa.selenium.remote.service.DriverCommandExecutor.execute(DriverCommandExecutor.java:139)
		at org.openqa.selenium.remote.RemoteWebDriver.execute(RemoteWebDriver.java:559)
		at org.openqa.selenium.remote.RemoteWebDriver.perform(RemoteWebDriver.java:627)
		at org.openqa.selenium.interactions.Actions$BuiltAction.perform(Actions.java:617)
		at org.openqa.selenium.interactions.Actions.perform(Actions.java:573)
		at com.nopcommerce.demo.utility.Utility.mouseHoverToElement(Utility.java:230)
		at com.nopcommerce.demo.pages.ComputerPage.clickOnComputer(ComputerPage.java:34)
		at com.nopcommerce.demo.steps.ComputerPageTest.iClickOnComputerTab(ComputerPageTest.java:15)
		at sun.reflect.NativeMethodAccessorImpl.invoke0(Native Method)
		at sun.reflect.NativeMethodAccessorImpl.invoke(NativeMethodAccessorImpl.java:62)
		at sun.reflect.DelegatingMethodAccessorImpl.invoke(DelegatingMethodAccessorImpl.java:43)
		at java.lang.reflect.Method.invoke(Method.java:498)
		at cucumber.runtime.Utils$1.call(Utils.java:40)
		at cucumber.runtime.Timeout.timeout(Timeout.java:16)
		at cucumber.runtime.Utils.invoke(Utils.java:34)
		at cucumber.runtime.java.JavaStepDefinition.execute(JavaStepDefinition.java:38)
		at cucumber.runtime.StepDefinitionMatch.runStep(StepDefinitionMatch.java:37)
		at cucumber.runtime.Runtime.runStep(Runtime.java:300)
		at cucumber.runtime.model.StepContainer.runStep(StepContainer.java:44)
		at cucumber.runtime.model.StepContainer.runSteps(StepContainer.java:39)
		at cucumber.runtime.model.CucumberScenario.run(CucumberScenario.java:44)
		at cucumber.runtime.junit.ExecutionUnitRunner.run(ExecutionUnitRunner.java:102)
		at cucumber.runtime.junit.FeatureRunner.runChild(FeatureRunner.java:63)
		at cucumber.runtime.junit.FeatureRunner.runChild(FeatureRunner.java:18)
		at org.junit.runners.ParentRunner$3.run(ParentRunner.java:238)
		at org.junit.runners.ParentRunner$1.schedule(ParentRunner.java:63)
		at org.junit.runners.ParentRunner.runChildren(ParentRunner.java:236)
		at org.junit.runners.ParentRunner.access$000(ParentRunner.java:53)
		at org.junit.runners.ParentRunner$2.evaluate(ParentRunner.java:229)
		at org.junit.runners.ParentRunner.run(ParentRunner.java:309)
		at cucumber.runtime.junit.FeatureRunner.run(FeatureRunner.java:70)
		at cucumber.api.junit.Cucumber.runChild(Cucumber.java:95)
		at cucumber.api.junit.Cucumber.runChild(Cucumber.java:38)
		at org.junit.runners.ParentRunner$3.run(ParentRunner.java:238)
		at org.junit.runners.ParentRunner$1.schedule(ParentRunner.java:63)
		at org.junit.runners.ParentRunner.runChildren(ParentRunner.java:236)
		at org.junit.runners.ParentRunner.access$000(ParentRunner.java:53)
		at org.junit.runners.ParentRunner$2.evaluate(ParentRunner.java:229)
		at org.junit.internal.runners.statements.RunAfters.evaluate(RunAfters.java:27)
		at org.junit.runners.ParentRunner.run(ParentRunner.java:309)
		at cucumber.api.junit.Cucumber.run(Cucumber.java:100)
		at org.junit.runner.JUnitCore.run(JUnitCore.java:160)
		at com.intellij.junit4.JUnit4IdeaTestRunner.startRunnerWithArgs(JUnit4IdeaTestRunner.java:69)
		at com.intellij.rt.junit.IdeaTestRunner$Repeater$1.execute(IdeaTestRunner.java:38)
		at com.intellij.rt.execution.junit.TestsRepeater.repeat(TestsRepeater.java:11)
		at com.intellij.rt.junit.IdeaTestRunner$Repeater.startRunnerWithArgs(IdeaTestRunner.java:35)
		at com.intellij.rt.junit.JUnitStarter.prepareStreamsAndStart(JUnitStarter.java:235)
		at com.intellij.rt.junit.JUnitStarter.main(JUnitStarter.java:54)
Caused by: java.lang.reflect.InvocationTargetException
	at sun.reflect.NativeMethodAccessorImpl.invoke0(Native Method)
	at sun.reflect.NativeMethodAccessorImpl.invoke(NativeMethodAccessorImpl.java:62)
	at sun.reflect.DelegatingMethodAccessorImpl.invoke(DelegatingMethodAccessorImpl.java:43)
	at java.lang.reflect.Method.invoke(Method.java:498)
	at org.openqa.selenium.json.JsonOutput.convertUsingMethod(JsonOutput.java:358)
	at org.openqa.selenium.json.JsonOutput.lambda$new$16(JsonOutput.java:154)
	at org.openqa.selenium.json.JsonOutput.write(JsonOutput.java:287)
	at org.openqa.selenium.json.JsonOutput.lambda$new$22(JsonOutput.java:169)
	at java.util.stream.ForEachOps$ForEachOp$OfRef.accept(ForEachOps.java:184)
	at java.util.stream.ReferencePipeline$2$1.accept(ReferencePipeline.java:175)
	at java.util.Iterator.forEachRemaining(Iterator.java:116)
	at java.util.Spliterators$IteratorSpliterator.forEachRemaining(Spliterators.java:1801)
	at java.util.stream.AbstractPipeline.copyInto(AbstractPipeline.java:481)
	at java.util.stream.AbstractPipeline.wrapAndCopyInto(AbstractPipeline.java:471)
	at java.util.stream.ForEachOps$ForEachOp.evaluateSequential(ForEachOps.java:151)
	at java.util.stream.ForEachOps$ForEachOp$OfRef.evaluateSequential(ForEachOps.java:174)
	at java.util.stream.AbstractPipeline.evaluate(AbstractPipeline.java:234)
	at java.util.stream.ReferencePipeline.forEach(ReferencePipeline.java:418)
	at org.openqa.selenium.json.JsonOutput.lambda$new$23(JsonOutput.java:169)
	at org.openqa.selenium.json.JsonOutput.write(JsonOutput.java:287)
	at org.openqa.selenium.json.JsonOutput.lambda$new$24(JsonOutput.java:182)
	at com.google.common.collect.SingletonImmutableBiMap.forEach(SingletonImmutableBiMap.java:66)
	at org.openqa.selenium.json.JsonOutput.lambda$new$25(JsonOutput.java:177)
	at org.openqa.selenium.json.JsonOutput.write(JsonOutput.java:287)
	at org.openqa.selenium.json.JsonOutput.write(JsonOutput.java:278)
	at org.openqa.selenium.json.Json.toJson(Json.java:42)
	at org.openqa.selenium.remote.codec.AbstractHttpCommandCodec.encode(AbstractHttpCommandCodec.java:259)
	at org.openqa.selenium.remote.codec.AbstractHttpCommandCodec.encode(AbstractHttpCommandCodec.java:127)
	at org.openqa.selenium.remote.HttpCommandExecutor.execute(HttpCommandExecutor.java:172)
	at org.openqa.selenium.remote.service.DriverCommandExecutor.invokeExecute(DriverCommandExecutor.java:164)
	at org.openqa.selenium.remote.service.DriverCommandExecutor.execute(DriverCommandExecutor.java:139)
	at org.openqa.selenium.remote.RemoteWebDriver.execute(RemoteWebDriver.java:559)
	at org.openqa.selenium.remote.RemoteWebDriver.perform(RemoteWebDriver.java:627)
	at org.openqa.selenium.interactions.Actions$BuiltAction.perform(Actions.java:617)
	at org.openqa.selenium.interactions.Actions.perform(Actions.java:573)
	at com.nopcommerce.demo.utility.Utility.mouseHoverToElement(Utility.java:230)
	at com.nopcommerce.demo.pages.ComputerPage.clickOnComputer(ComputerPage.java:34)
	at com.nopcommerce.demo.steps.ComputerPageTest.iClickOnComputerTab(ComputerPageTest.java:15)
	at sun.reflect.NativeMethodAccessorImpl.invoke0(Native Method)
	at sun.reflect.NativeMethodAccessorImpl.invoke(NativeMethodAccessorImpl.java:62)
	at sun.reflect.DelegatingMethodAccessorImpl.invoke(DelegatingMethodAccessorImpl.java:43)
	at java.lang.reflect.Method.invoke(Method.java:498)
	at cucumber.runtime.Utils$1.call(Utils.java:40)
	at cucumber.runtime.Timeout.timeout(Timeout.java:16)
	at cucumber.runtime.Utils.invoke(Utils.java:34)
	at cucumber.runtime.java.JavaStepDefinition.execute(JavaStepDefinition.java:38)
	at cucumber.runtime.StepDefinitionMatch.runStep(StepDefinitionMatch.java:37)
	at cucumber.runtime.Runtime.runStep(Runtime.java:300)
	at cucumber.runtime.model.StepContainer.runStep(StepContainer.java:44)
	at cucumber.runtime.model.StepContainer.runSteps(StepContainer.java:39)
	at cucumber.runtime.model.CucumberScenario.run(CucumberScenario.java:44)
	at cucumber.runtime.junit.ExecutionUnitRunner.run(ExecutionUnitRunner.java:102)
	at cucumber.runtime.junit.FeatureRunner.runChild(FeatureRunner.java:63)
	at cucumber.runtime.junit.FeatureRunner.runChild(FeatureRunner.java:18)
	at org.junit.runners.ParentRunner$3.run(ParentRunner.java:238)
	at org.junit.runners.ParentRunner$1.schedule(ParentRunner.java:63)
	at org.junit.runners.ParentRunner.runChildren(ParentRunner.java:236)
	at org.junit.runners.ParentRunner.access$000(ParentRunner.java:53)
	at org.junit.runners.ParentRunner$2.evaluate(ParentRunner.java:229)
	at org.junit.runners.ParentRunner.run(ParentRunner.java:309)
	at cucumber.runtime.junit.FeatureRunner.run(FeatureRunner.java:70)
	at cucumber.api.junit.Cucumber.runChild(Cucumber.java:95)
	at cucumber.api.junit.Cucumber.runChild(Cucumber.java:38)
	at org.junit.runners.ParentRunner$3.run(ParentRunner.java:238)
	at org.junit.runners.ParentRunner$1.schedule(ParentRunner.java:63)
	at org.junit.runners.ParentRunner.runChildren(ParentRunner.java:236)
	at org.junit.runners.ParentRunner.access$000(ParentRunner.java:53)
	at org.junit.runners.ParentRunner$2.evaluate(ParentRunner.java:229)
	at org.junit.internal.runners.statements.RunAfters.evaluate(RunAfters.java:27)
	at org.junit.runners.ParentRunner.run(ParentRunner.java:309)
	at cucumber.api.junit.Cucumber.run(Cucumber.java:100)
	at org.junit.runner.JUnitCore.run(JUnitCore.java:160)
	at com.intellij.junit4.JUnit4IdeaTestRunner.startRunnerWithArgs(JUnit4IdeaTestRunner.java:69)
	at com.intellij.rt.junit.IdeaTestRunner$Repeater$1.execute(IdeaTestRunner.java:38)
	at com.intellij.rt.execution.junit.TestsRepeater.repeat(TestsRepeater.java:11)
	at com.intellij.rt.junit.IdeaTestRunner$Repeater.startRunnerWithArgs(IdeaTestRunner.java:35)
	at com.intellij.rt.junit.JUnitStarter.prepareStreamsAndStart(JUnitStarter.java:235)
	at com.intellij.rt.junit.JUnitStarter.main(JUnitStarter.java:54)
Caused by: org.openqa.selenium.NoSuchElementException: no such element: Unable to locate element: {"method":"css selector","selector":"#Computers"}
  (Session info: chrome=101.0.4951.54)
For documentation on this error, please visit: https://selenium.dev/exceptions/#no_such_element
Build info: version: '4.0.0', revision: '3a21814679'
System info: host: 'CHANDANA', ip: '192.168.0.38', os.name: 'Windows 10', os.arch: 'amd64', os.version: '10.0', java.version: '1.8.0_121'
Driver info: org.openqa.selenium.chrome.ChromeDriver
Command: [f0753cda1b5b154838eec032d7dd950c, findElement {using=id, value=Computers}]
Capabilities {acceptInsecureCerts: false, browserName: chrome, browserVersion: 101.0.4951.54, chrome: {chromedriverVersion: 101.0.4951.41 (93c720db8323..., userDataDir: C:\Users\chand\AppData\Loca...}, goog:chromeOptions: {debuggerAddress: localhost:60884}, javascriptEnabled: true, networkConnectionEnabled: false, pageLoadStrategy: normal, platform: WINDOWS, platformName: WINDOWS, proxy: Proxy(), se:cdp: ws://localhost:60884/devtoo..., se:cdpVersion: 101.0.4951.54, setWindowRect: true, strictFileInteractability: false, timeouts: {implicit: 0, pageLoad: 300000, script: 30000}, unhandledPromptBehavior: dismiss and notify, webauthn:extension:credBlob: true, webauthn:extension:largeBlob: true, webauthn:virtualAuthenticators: true}
Session ID: f0753cda1b5b154838eec032d7dd950c
	at sun.reflect.NativeConstructorAccessorImpl.newInstance0(Native Method)
	at sun.reflect.NativeConstructorAccessorImpl.newInstance(NativeConstructorAccessorImpl.java:62)
	at sun.reflect.DelegatingConstructorAccessorImpl.newInstance(DelegatingConstructorAccessorImpl.java:45)
	at java.lang.reflect.Constructor.newInstance(Constructor.java:423)
	at org.openqa.selenium.remote.codec.w3c.W3CHttpResponseCodec.createException(W3CHttpResponseCodec.java:200)
	at org.openqa.selenium.remote.codec.w3c.W3CHttpResponseCodec.decode(W3CHttpResponseCodec.java:133)
	at org.openqa.selenium.remote.codec.w3c.W3CHttpResponseCodec.decode(W3CHttpResponseCodec.java:53)
	at org.openqa.selenium.remote.HttpCommandExecutor.execute(HttpCommandExecutor.java:184)
	at org.openqa.selenium.remote.service.DriverCommandExecutor.invokeExecute(DriverCommandExecutor.java:164)
	at org.openqa.selenium.remote.service.DriverCommandExecutor.execute(DriverCommandExecutor.java:139)
	at org.openqa.selenium.remote.RemoteWebDriver.execute(RemoteWebDriver.java:559)
	at org.openqa.selenium.remote.ElementLocation$ElementFinder$2.findElement(ElementLocation.java:162)
	at org.openqa.selenium.remote.ElementLocation.findElement(ElementLocation.java:66)
	at org.openqa.selenium.remote.RemoteWebDriver.findElement(RemoteWebDriver.java:383)
	at org.openqa.selenium.remote.RemoteWebDriver.findElement(RemoteWebDriver.java:375)
	at org.openqa.selenium.support.pagefactory.DefaultElementLocator.findElement(DefaultElementLocator.java:70)
	at org.openqa.selenium.support.pagefactory.internal.LocatingElementHandler.invoke(LocatingElementHandler.java:39)
	at com.sun.proxy.$Proxy22.getWrappedElement(Unknown Source)
	at org.openqa.selenium.interactions.PointerInput$Origin.asArg(PointerInput.java:201)
	at org.openqa.selenium.interactions.PointerInput$Move.encode(PointerInput.java:152)
	at org.openqa.selenium.interactions.Sequence.encode(Sequence.java:73)
	at org.openqa.selenium.interactions.Sequence.toJson(Sequence.java:82)
	... 78 more
</pre></pre></td>
                                                    </tr>
                                        </tbody>
                                    </table>
                                </div>
                            </div>
                        </li>
                        <li class='exception displayed active'>
                            <div class='exception-heading'>
                                <span class='exception-name'>org.openqa.selenium.NoSuchElementException</span>
                                <span class='exception-count right'><span class='label red lighten-1 white-text'>5</span></span>
                            </div>
                            <div class='exception-content hide'>
                                <div class='exception-tests'>
                                    <table class='bordered table-results'>
                                        <thead>
                                        <tr>
                                            <th>Timestamp</th>
                                            <th>TestName</th>
                                            <th>Status</th>
                                        </tr>
                                        </thead>
                                        <tbody>
                                                    <tr>
                                                        <td>May 16, 2022 05:43:26 PM</td>
                                                        <td class='linked' test-id='8'>computer Page Test.As a user I should navigate to desktops page successfully.When I click on Desktop tab</td>
                                                        <td><pre><pre>org.openqa.selenium.NoSuchElementException: no such element: Unable to locate element: {"method":"css selector","selector":"#Desktops"}
  (Session info: chrome=101.0.4951.54)
For documentation on this error, please visit: https://selenium.dev/exceptions/#no_such_element
Build info: version: '4.0.0', revision: '3a21814679'
System info: host: 'CHANDANA', ip: '192.168.0.38', os.name: 'Windows 10', os.arch: 'amd64', os.version: '10.0', java.version: '1.8.0_121'
Driver info: org.openqa.selenium.chrome.ChromeDriver
Command: [db4c6c2e821326ea2999106d5c8d3127, findElement {using=id, value=Desktops}]
Capabilities {acceptInsecureCerts: false, browserName: chrome, browserVersion: 101.0.4951.54, chrome: {chromedriverVersion: 101.0.4951.41 (93c720db8323..., userDataDir: C:\Users\chand\AppData\Loca...}, goog:chromeOptions: {debuggerAddress: localhost:60924}, javascriptEnabled: true, networkConnectionEnabled: false, pageLoadStrategy: normal, platform: WINDOWS, platformName: WINDOWS, proxy: Proxy(), se:cdp: ws://localhost:60924/devtoo..., se:cdpVersion: 101.0.4951.54, setWindowRect: true, strictFileInteractability: false, timeouts: {implicit: 0, pageLoad: 300000, script: 30000}, unhandledPromptBehavior: dismiss and notify, webauthn:extension:credBlob: true, webauthn:extension:largeBlob: true, webauthn:virtualAuthenticators: true}
Session ID: db4c6c2e821326ea2999106d5c8d3127
	at sun.reflect.NativeConstructorAccessorImpl.newInstance0(Native Method)
	at sun.reflect.NativeConstructorAccessorImpl.newInstance(NativeConstructorAccessorImpl.java:62)
	at sun.reflect.DelegatingConstructorAccessorImpl.newInstance(DelegatingConstructorAccessorImpl.java:45)
	at java.lang.reflect.Constructor.newInstance(Constructor.java:423)
	at org.openqa.selenium.remote.codec.w3c.W3CHttpResponseCodec.createException(W3CHttpResponseCodec.java:200)
	at org.openqa.selenium.remote.codec.w3c.W3CHttpResponseCodec.decode(W3CHttpResponseCodec.java:133)
	at org.openqa.selenium.remote.codec.w3c.W3CHttpResponseCodec.decode(W3CHttpResponseCodec.java:53)
	at org.openqa.selenium.remote.HttpCommandExecutor.execute(HttpCommandExecutor.java:184)
	at org.openqa.selenium.remote.service.DriverCommandExecutor.invokeExecute(DriverCommandExecutor.java:164)
	at org.openqa.selenium.remote.service.DriverCommandExecutor.execute(DriverCommandExecutor.java:139)
	at org.openqa.selenium.remote.RemoteWebDriver.execute(RemoteWebDriver.java:559)
	at org.openqa.selenium.remote.ElementLocation$ElementFinder$2.findElement(ElementLocation.java:162)
	at org.openqa.selenium.remote.ElementLocation.findElement(ElementLocation.java:66)
	at org.openqa.selenium.remote.RemoteWebDriver.findElement(RemoteWebDriver.java:383)
	at org.openqa.selenium.remote.RemoteWebDriver.findElement(RemoteWebDriver.java:375)
	at org.openqa.selenium.support.pagefactory.DefaultElementLocator.findElement(DefaultElementLocator.java:70)
	at org.openqa.selenium.support.pagefactory.internal.LocatingElementHandler.invoke(LocatingElementHandler.java:39)
	at com.sun.proxy.$Proxy22.click(Unknown Source)
	at com.nopcommerce.demo.utility.Utility.clickOnElement(Utility.java:53)
	at com.nopcommerce.demo.pages.ComputerPage.clickOnDesktopLink(ComputerPage.java:39)
	at com.nopcommerce.demo.steps.ComputerPageTest.iClickOnDesktopTab(ComputerPageTest.java:24)
	at ✽.When I click on Desktop tab(computer.feature:13)
</pre></pre></td>
                                                    </tr>
                                                    <tr>
                                                        <td>May 16, 2022 05:43:49 PM</td>
                                                        <td class='linked' test-id='12'>computer Page Test.As a user I should be able to build my own computer.As a user I should be able to build my own computer.When I click on Desktop tab</td>
                                                        <td><pre><pre>org.openqa.selenium.NoSuchElementException: no such element: Unable to locate element: {"method":"css selector","selector":"#Desktops"}
  (Session info: chrome=101.0.4951.54)
For documentation on this error, please visit: https://selenium.dev/exceptions/#no_such_element
Build info: version: '4.0.0', revision: '3a21814679'
System info: host: 'CHANDANA', ip: '192.168.0.38', os.name: 'Windows 10', os.arch: 'amd64', os.version: '10.0', java.version: '1.8.0_121'
Driver info: org.openqa.selenium.chrome.ChromeDriver
Command: [15b4081d33fe31acd7f9b4fcf4620e47, findElement {using=id, value=Desktops}]
Capabilities {acceptInsecureCerts: false, browserName: chrome, browserVersion: 101.0.4951.54, chrome: {chromedriverVersion: 101.0.4951.41 (93c720db8323..., userDataDir: C:\Users\chand\AppData\Loca...}, goog:chromeOptions: {debuggerAddress: localhost:60963}, javascriptEnabled: true, networkConnectionEnabled: false, pageLoadStrategy: normal, platform: WINDOWS, platformName: WINDOWS, proxy: Proxy(), se:cdp: ws://localhost:60963/devtoo..., se:cdpVersion: 101.0.4951.54, setWindowRect: true, strictFileInteractability: false, timeouts: {implicit: 0, pageLoad: 300000, script: 30000}, unhandledPromptBehavior: dismiss and notify, webauthn:extension:credBlob: true, webauthn:extension:largeBlob: true, webauthn:virtualAuthenticators: true}
Session ID: 15b4081d33fe31acd7f9b4fcf4620e47
	at sun.reflect.NativeConstructorAccessorImpl.newInstance0(Native Method)
	at sun.reflect.NativeConstructorAccessorImpl.newInstance(NativeConstructorAccessorImpl.java:62)
	at sun.reflect.DelegatingConstructorAccessorImpl.newInstance(DelegatingConstructorAccessorImpl.java:45)
	at java.lang.reflect.Constructor.newInstance(Constructor.java:423)
	at org.openqa.selenium.remote.codec.w3c.W3CHttpResponseCodec.createException(W3CHttpResponseCodec.java:200)
	at org.openqa.selenium.remote.codec.w3c.W3CHttpResponseCodec.decode(W3CHttpResponseCodec.java:133)
	at org.openqa.selenium.remote.codec.w3c.W3CHttpResponseCodec.decode(W3CHttpResponseCodec.java:53)
	at org.openqa.selenium.remote.HttpCommandExecutor.execute(HttpCommandExecutor.java:184)
	at org.openqa.selenium.remote.service.DriverCommandExecutor.invokeExecute(DriverCommandExecutor.java:164)
	at org.openqa.selenium.remote.service.DriverCommandExecutor.execute(DriverCommandExecutor.java:139)
	at org.openqa.selenium.remote.RemoteWebDriver.execute(RemoteWebDriver.java:559)
	at org.openqa.selenium.remote.ElementLocation$ElementFinder$2.findElement(ElementLocation.java:162)
	at org.openqa.selenium.remote.ElementLocation.findElement(ElementLocation.java:66)
	at org.openqa.selenium.remote.RemoteWebDriver.findElement(RemoteWebDriver.java:383)
	at org.openqa.selenium.remote.RemoteWebDriver.findElement(RemoteWebDriver.java:375)
	at org.openqa.selenium.support.pagefactory.DefaultElementLocator.findElement(DefaultElementLocator.java:70)
	at org.openqa.selenium.support.pagefactory.internal.LocatingElementHandler.invoke(LocatingElementHandler.java:39)
	at com.sun.proxy.$Proxy22.click(Unknown Source)
	at com.nopcommerce.demo.utility.Utility.clickOnElement(Utility.java:53)
	at com.nopcommerce.demo.pages.ComputerPage.clickOnDesktopLink(ComputerPage.java:39)
	at com.nopcommerce.demo.steps.ComputerPageTest.iClickOnDesktopTab(ComputerPageTest.java:24)
	at ✽.When I click on Desktop tab(computer.feature:17)
</pre></pre></td>
                                                    </tr>
                                                    <tr>
                                                        <td>May 16, 2022 05:44:13 PM</td>
                                                        <td class='linked' test-id='22'>computer Page Test.As a user I should be able to build my own computer.As a user I should be able to build my own computer.When I click on Desktop tab</td>
                                                        <td><pre><pre>org.openqa.selenium.NoSuchElementException: no such element: Unable to locate element: {"method":"css selector","selector":"#Desktops"}
  (Session info: chrome=101.0.4951.54)
For documentation on this error, please visit: https://selenium.dev/exceptions/#no_such_element
Build info: version: '4.0.0', revision: '3a21814679'
System info: host: 'CHANDANA', ip: '192.168.0.38', os.name: 'Windows 10', os.arch: 'amd64', os.version: '10.0', java.version: '1.8.0_121'
Driver info: org.openqa.selenium.chrome.ChromeDriver
Command: [1516af954f2ebfd9ef13f1f186ff4c55, findElement {using=id, value=Desktops}]
Capabilities {acceptInsecureCerts: false, browserName: chrome, browserVersion: 101.0.4951.54, chrome: {chromedriverVersion: 101.0.4951.41 (93c720db8323..., userDataDir: C:\Users\chand\AppData\Loca...}, goog:chromeOptions: {debuggerAddress: localhost:61008}, javascriptEnabled: true, networkConnectionEnabled: false, pageLoadStrategy: normal, platform: WINDOWS, platformName: WINDOWS, proxy: Proxy(), se:cdp: ws://localhost:61008/devtoo..., se:cdpVersion: 101.0.4951.54, setWindowRect: true, strictFileInteractability: false, timeouts: {implicit: 0, pageLoad: 300000, script: 30000}, unhandledPromptBehavior: dismiss and notify, webauthn:extension:credBlob: true, webauthn:extension:largeBlob: true, webauthn:virtualAuthenticators: true}
Session ID: 1516af954f2ebfd9ef13f1f186ff4c55
	at sun.reflect.NativeConstructorAccessorImpl.newInstance0(Native Method)
	at sun.reflect.NativeConstructorAccessorImpl.newInstance(NativeConstructorAccessorImpl.java:62)
	at sun.reflect.DelegatingConstructorAccessorImpl.newInstance(DelegatingConstructorAccessorImpl.java:45)
	at java.lang.reflect.Constructor.newInstance(Constructor.java:423)
	at org.openqa.selenium.remote.codec.w3c.W3CHttpResponseCodec.createException(W3CHttpResponseCodec.java:200)
	at org.openqa.selenium.remote.codec.w3c.W3CHttpResponseCodec.decode(W3CHttpResponseCodec.java:133)
	at org.openqa.selenium.remote.codec.w3c.W3CHttpResponseCodec.decode(W3CHttpResponseCodec.java:53)
	at org.openqa.selenium.remote.HttpCommandExecutor.execute(HttpCommandExecutor.java:184)
	at org.openqa.selenium.remote.service.DriverCommandExecutor.invokeExecute(DriverCommandExecutor.java:164)
	at org.openqa.selenium.remote.service.DriverCommandExecutor.execute(DriverCommandExecutor.java:139)
	at org.openqa.selenium.remote.RemoteWebDriver.execute(RemoteWebDriver.java:559)
	at org.openqa.selenium.remote.ElementLocation$ElementFinder$2.findElement(ElementLocation.java:162)
	at org.openqa.selenium.remote.ElementLocation.findElement(ElementLocation.java:66)
	at org.openqa.selenium.remote.RemoteWebDriver.findElement(RemoteWebDriver.java:383)
	at org.openqa.selenium.remote.RemoteWebDriver.findElement(RemoteWebDriver.java:375)
	at org.openqa.selenium.support.pagefactory.DefaultElementLocator.findElement(DefaultElementLocator.java:70)
	at org.openqa.selenium.support.pagefactory.internal.LocatingElementHandler.invoke(LocatingElementHandler.java:39)
	at com.sun.proxy.$Proxy22.click(Unknown Source)
	at com.nopcommerce.demo.utility.Utility.clickOnElement(Utility.java:53)
	at com.nopcommerce.demo.pages.ComputerPage.clickOnDesktopLink(ComputerPage.java:39)
	at com.nopcommerce.demo.steps.ComputerPageTest.iClickOnDesktopTab(ComputerPageTest.java:24)
	at ✽.When I click on Desktop tab(computer.feature:17)
</pre></pre></td>
                                                    </tr>
                                                    <tr>
                                                        <td>May 16, 2022 05:44:35 PM</td>
                                                        <td class='linked' test-id='32'>computer Page Test.As a user I should be able to build my own computer.As a user I should be able to build my own computer.When I click on Desktop tab</td>
                                                        <td><pre><pre>org.openqa.selenium.NoSuchElementException: no such element: Unable to locate element: {"method":"css selector","selector":"#Desktops"}
  (Session info: chrome=101.0.4951.54)
For documentation on this error, please visit: https://selenium.dev/exceptions/#no_such_element
Build info: version: '4.0.0', revision: '3a21814679'
System info: host: 'CHANDANA', ip: '192.168.0.38', os.name: 'Windows 10', os.arch: 'amd64', os.version: '10.0', java.version: '1.8.0_121'
Driver info: org.openqa.selenium.chrome.ChromeDriver
Command: [f8dba373337f8e8b7ba889754078ff83, findElement {using=id, value=Desktops}]
Capabilities {acceptInsecureCerts: false, browserName: chrome, browserVersion: 101.0.4951.54, chrome: {chromedriverVersion: 101.0.4951.41 (93c720db8323..., userDataDir: C:\Users\chand\AppData\Loca...}, goog:chromeOptions: {debuggerAddress: localhost:61065}, javascriptEnabled: true, networkConnectionEnabled: false, pageLoadStrategy: normal, platform: WINDOWS, platformName: WINDOWS, proxy: Proxy(), se:cdp: ws://localhost:61065/devtoo..., se:cdpVersion: 101.0.4951.54, setWindowRect: true, strictFileInteractability: false, timeouts: {implicit: 0, pageLoad: 300000, script: 30000}, unhandledPromptBehavior: dismiss and notify, webauthn:extension:credBlob: true, webauthn:extension:largeBlob: true, webauthn:virtualAuthenticators: true}
Session ID: f8dba373337f8e8b7ba889754078ff83
	at sun.reflect.NativeConstructorAccessorImpl.newInstance0(Native Method)
	at sun.reflect.NativeConstructorAccessorImpl.newInstance(NativeConstructorAccessorImpl.java:62)
	at sun.reflect.DelegatingConstructorAccessorImpl.newInstance(DelegatingConstructorAccessorImpl.java:45)
	at java.lang.reflect.Constructor.newInstance(Constructor.java:423)
	at org.openqa.selenium.remote.codec.w3c.W3CHttpResponseCodec.createException(W3CHttpResponseCodec.java:200)
	at org.openqa.selenium.remote.codec.w3c.W3CHttpResponseCodec.decode(W3CHttpResponseCodec.java:133)
	at org.openqa.selenium.remote.codec.w3c.W3CHttpResponseCodec.decode(W3CHttpResponseCodec.java:53)
	at org.openqa.selenium.remote.HttpCommandExecutor.execute(HttpCommandExecutor.java:184)
	at org.openqa.selenium.remote.service.DriverCommandExecutor.invokeExecute(DriverCommandExecutor.java:164)
	at org.openqa.selenium.remote.service.DriverCommandExecutor.execute(DriverCommandExecutor.java:139)
	at org.openqa.selenium.remote.RemoteWebDriver.execute(RemoteWebDriver.java:559)
	at org.openqa.selenium.remote.ElementLocation$ElementFinder$2.findElement(ElementLocation.java:162)
	at org.openqa.selenium.remote.ElementLocation.findElement(ElementLocation.java:66)
	at org.openqa.selenium.remote.RemoteWebDriver.findElement(RemoteWebDriver.java:383)
	at org.openqa.selenium.remote.RemoteWebDriver.findElement(RemoteWebDriver.java:375)
	at org.openqa.selenium.support.pagefactory.DefaultElementLocator.findElement(DefaultElementLocator.java:70)
	at org.openqa.selenium.support.pagefactory.internal.LocatingElementHandler.invoke(LocatingElementHandler.java:39)
	at com.sun.proxy.$Proxy22.click(Unknown Source)
	at com.nopcommerce.demo.utility.Utility.clickOnElement(Utility.java:53)
	at com.nopcommerce.demo.pages.ComputerPage.clickOnDesktopLink(ComputerPage.java:39)
	at com.nopcommerce.demo.steps.ComputerPageTest.iClickOnDesktopTab(ComputerPageTest.java:24)
	at ✽.When I click on Desktop tab(computer.feature:17)
</pre></pre></td>
                                                    </tr>
                                                    <tr>
                                                        <td>May 16, 2022 05:45:03 PM</td>
                                                        <td class='linked' test-id='52'>Login Test.verify the error message with invalid credentials.Then I should see the error message "Login was unsuccessful"</td>
                                                        <td><pre><pre>org.openqa.selenium.NoSuchElementException: no such element: Unable to locate element: {"method":"xpath","selector":"//div[@class='message-error validation-summary-errors']"}
  (Session info: chrome=101.0.4951.54)
For documentation on this error, please visit: https://selenium.dev/exceptions/#no_such_element
Build info: version: '4.0.0', revision: '3a21814679'
System info: host: 'CHANDANA', ip: '192.168.0.38', os.name: 'Windows 10', os.arch: 'amd64', os.version: '10.0', java.version: '1.8.0_121'
Driver info: org.openqa.selenium.chrome.ChromeDriver
Command: [c5e502dc01d18a2b04a037bf9375424c, findElement {using=xpath, value=//div[@class='message-error validation-summary-errors']}]
Capabilities {acceptInsecureCerts: false, browserName: chrome, browserVersion: 101.0.4951.54, chrome: {chromedriverVersion: 101.0.4951.41 (93c720db8323..., userDataDir: C:\Users\chand\AppData\Loca...}, goog:chromeOptions: {debuggerAddress: localhost:61123}, javascriptEnabled: true, networkConnectionEnabled: false, pageLoadStrategy: normal, platform: WINDOWS, platformName: WINDOWS, proxy: Proxy(), se:cdp: ws://localhost:61123/devtoo..., se:cdpVersion: 101.0.4951.54, setWindowRect: true, strictFileInteractability: false, timeouts: {implicit: 0, pageLoad: 300000, script: 30000}, unhandledPromptBehavior: dismiss and notify, webauthn:extension:credBlob: true, webauthn:extension:largeBlob: true, webauthn:virtualAuthenticators: true}
Session ID: c5e502dc01d18a2b04a037bf9375424c
	at sun.reflect.NativeConstructorAccessorImpl.newInstance0(Native Method)
	at sun.reflect.NativeConstructorAccessorImpl.newInstance(NativeConstructorAccessorImpl.java:62)
	at sun.reflect.DelegatingConstructorAccessorImpl.newInstance(DelegatingConstructorAccessorImpl.java:45)
	at java.lang.reflect.Constructor.newInstance(Constructor.java:423)
	at org.openqa.selenium.remote.codec.w3c.W3CHttpResponseCodec.createException(W3CHttpResponseCodec.java:200)
	at org.openqa.selenium.remote.codec.w3c.W3CHttpResponseCodec.decode(W3CHttpResponseCodec.java:133)
	at org.openqa.selenium.remote.codec.w3c.W3CHttpResponseCodec.decode(W3CHttpResponseCodec.java:53)
	at org.openqa.selenium.remote.HttpCommandExecutor.execute(HttpCommandExecutor.java:184)
	at org.openqa.selenium.remote.service.DriverCommandExecutor.invokeExecute(DriverCommandExecutor.java:164)
	at org.openqa.selenium.remote.service.DriverCommandExecutor.execute(DriverCommandExecutor.java:139)
	at org.openqa.selenium.remote.RemoteWebDriver.execute(RemoteWebDriver.java:559)
	at org.openqa.selenium.remote.ElementLocation$ElementFinder$2.findElement(ElementLocation.java:162)
	at org.openqa.selenium.remote.ElementLocation.findElement(ElementLocation.java:60)
	at org.openqa.selenium.remote.RemoteWebDriver.findElement(RemoteWebDriver.java:383)
	at org.openqa.selenium.remote.RemoteWebDriver.findElement(RemoteWebDriver.java:375)
	at org.openqa.selenium.support.pagefactory.DefaultElementLocator.findElement(DefaultElementLocator.java:70)
	at org.openqa.selenium.support.pagefactory.internal.LocatingElementHandler.invoke(LocatingElementHandler.java:39)
	at com.sun.proxy.$Proxy22.getText(Unknown Source)
	at com.nopcommerce.demo.utility.Utility.getTextFromElement(Utility.java:64)
	at com.nopcommerce.demo.pages.LoginPage.getErrorMessage(LoginPage.java:52)
	at com.nopcommerce.demo.steps.LoginTest.iShouldSeeTheErrorMessage(LoginTest.java:63)
	at ✽.Then I should see the error message "Login was unsuccessful"(login.feature:15)
</pre></pre></td>
                                                    </tr>
                                        </tbody>
                                    </table>
                                </div>
                            </div>
                        </li>
                        <li class='exception displayed active'>
                            <div class='exception-heading'>
                                <span class='exception-name'>java.lang.AssertionError</span>
                                <span class='exception-count right'><span class='label red lighten-1 white-text'>1</span></span>
                            </div>
                            <div class='exception-content hide'>
                                <div class='exception-tests'>
                                    <table class='bordered table-results'>
                                        <thead>
                                        <tr>
                                            <th>Timestamp</th>
                                            <th>TestName</th>
                                            <th>Status</th>
                                        </tr>
                                        </thead>
                                        <tbody>
                                                    <tr>
                                                        <td>May 16, 2022 05:45:54 PM</td>
                                                        <td class='linked' test-id='73'>Register Test.verify user should navigate to register page successfully.And I should be able to see the "register" page title</td>
                                                        <td><pre><pre>java.lang.AssertionError: expected [Register] but found [register]
	at org.testng.Assert.fail(Assert.java:96)
	at org.testng.Assert.failNotEquals(Assert.java:776)
	at org.testng.Assert.assertEqualsImpl(Assert.java:137)
	at org.testng.Assert.assertEquals(Assert.java:118)
	at org.testng.Assert.assertEquals(Assert.java:453)
	at org.testng.Assert.assertEquals(Assert.java:463)
	at com.nopcommerce.demo.steps.RegisterPageTest.iShouldBeAbleToSeeThePageTitle(RegisterPageTest.java:23)
	at ✽.And I should be able to see the "register" page title(register.feature:11)
</pre></pre></td>
                                                    </tr>
                                        </tbody>
                                    </table>
                                </div>
                            </div>
                        </li>
                        <li class='exception displayed active'>
                            <div class='exception-heading'>
                                <span class='exception-name'>cucumber.runtime.CucumberException</span>
                                <span class='exception-count right'><span class='label red lighten-1 white-text'>1</span></span>
                            </div>
                            <div class='exception-content hide'>
                                <div class='exception-tests'>
                                    <table class='bordered table-results'>
                                        <thead>
                                        <tr>
                                            <th>Timestamp</th>
                                            <th>TestName</th>
                                            <th>Status</th>
                                        </tr>
                                        </thead>
                                        <tbody>
                                                    <tr>
                                                        <td>May 16, 2022 05:46:00 PM</td>
                                                        <td class='linked' test-id='88'>Register Test.Verify user should create account successfully.And I select gender "Female"</td>
                                                        <td><pre><pre>cucumber.runtime.CucumberException: Arity mismatch: Step Definition 'com.nopcommerce.demo.steps.RegisterPageTest.iSelectGender() in file:/C:/Users/chand/IdeaProjects/nopcommerce-cucumber/target/test-classes/' with pattern [^I select gender "([^"]*)"$] is declared with 0 parameters. However, the gherkin step has 1 arguments [Female]. 
Step: And I select gender "Female"
	at cucumber.runtime.StepDefinitionMatch.arityMismatch(StepDefinitionMatch.java:102)
	at cucumber.runtime.StepDefinitionMatch.transformedArgs(StepDefinitionMatch.java:60)
	at cucumber.runtime.StepDefinitionMatch.runStep(StepDefinitionMatch.java:37)
	at cucumber.runtime.Runtime.runStep(Runtime.java:300)
	at cucumber.runtime.model.StepContainer.runStep(StepContainer.java:44)
	at cucumber.runtime.model.StepContainer.runSteps(StepContainer.java:39)
	at cucumber.runtime.model.CucumberScenario.run(CucumberScenario.java:44)
	at cucumber.runtime.junit.ExecutionUnitRunner.run(ExecutionUnitRunner.java:102)
	at cucumber.runtime.junit.FeatureRunner.runChild(FeatureRunner.java:63)
	at cucumber.runtime.junit.FeatureRunner.runChild(FeatureRunner.java:18)
	at org.junit.runners.ParentRunner$3.run(ParentRunner.java:238)
	at org.junit.runners.ParentRunner$1.schedule(ParentRunner.java:63)
	at org.junit.runners.ParentRunner.runChildren(ParentRunner.java:236)
	at org.junit.runners.ParentRunner.access$000(ParentRunner.java:53)
	at org.junit.runners.ParentRunner$2.evaluate(ParentRunner.java:229)
	at org.junit.runners.ParentRunner.run(ParentRunner.java:309)
	at cucumber.runtime.junit.FeatureRunner.run(FeatureRunner.java:70)
	at cucumber.api.junit.Cucumber.runChild(Cucumber.java:95)
	at cucumber.api.junit.Cucumber.runChild(Cucumber.java:38)
	at org.junit.runners.ParentRunner$3.run(ParentRunner.java:238)
	at org.junit.runners.ParentRunner$1.schedule(ParentRunner.java:63)
	at org.junit.runners.ParentRunner.runChildren(ParentRunner.java:236)
	at org.junit.runners.ParentRunner.access$000(ParentRunner.java:53)
	at org.junit.runners.ParentRunner$2.evaluate(ParentRunner.java:229)
	at org.junit.internal.runners.statements.RunAfters.evaluate(RunAfters.java:27)
	at org.junit.runners.ParentRunner.run(ParentRunner.java:309)
	at cucumber.api.junit.Cucumber.run(Cucumber.java:100)
	at org.junit.runner.JUnitCore.run(JUnitCore.java:160)
	at com.intellij.junit4.JUnit4IdeaTestRunner.startRunnerWithArgs(JUnit4IdeaTestRunner.java:69)
	at com.intellij.rt.junit.IdeaTestRunner$Repeater$1.execute(IdeaTestRunner.java:38)
	at com.intellij.rt.execution.junit.TestsRepeater.repeat(TestsRepeater.java:11)
	at com.intellij.rt.junit.IdeaTestRunner$Repeater.startRunnerWithArgs(IdeaTestRunner.java:35)
	at com.intellij.rt.junit.JUnitStarter.prepareStreamsAndStart(JUnitStarter.java:235)
	at com.intellij.rt.junit.JUnitStarter.main(JUnitStarter.java:54)
</pre></pre></td>
                                                    </tr>
                                        </tbody>
                                    </table>
                                </div>
                            </div>
                        </li>
                </ul>
        </div>
    </div>

    <div class='subview-right left'>
        <div class='view-summary'>
            <h5 class='exception-name'></h5>
        </div>
    </div>
</div>
<!-- exception view -->
<div id='dashboard-view' class='view hide'>
	<div class='card-panel transparent np-v'>
		<h5>Dashboard</h5>

		<div class='row'>
			<div class='col s2'>
				<div class='card-panel r'>
					Features
					<div class='panel-lead'>3</div>
				</div>
			</div>
			<div class='col s2'>
				<div class='card-panel r'>
					Scenarios
					<div class='panel-lead'>12</div>
				</div>
			</div>
			<div class='col s2'>
				<div class='card-panel r'>
					Steps
					<div class='panel-lead'>82</div>
				</div>
			</div>
			<div class='col s2'>
				<div class='card-panel r'>
					Start
					<div class='panel-lead'>May 16, 2022 05:42:58 PM</div>
				</div>
			</div>
			<div class='col s2'>
				<div class='card-panel r'>
			 		End
			 		<div class='panel-lead'>May 16, 2022 05:46:01 PM</div>
				</div>
			</div>
			<div class='col s2'>
				<div class='card-panel r'>
					Time Taken
					<div class='panel-lead'>182,943ms</div>
				</div>
			</div>
			<div class='col s4'>
				<div class='card-panel dashboard-environment'>
					<span class='right label cyan white-text'>Environment</span><p>&nbsp;</p>
					
					<table>
						<tr>
							<th>Name</th>
							<th>Value</th>
						</tr>
							<tr>
								<td>User Name</td>
								<td>chand</td>
							</tr>
							<tr>
								<td>Time Zone</td>
								<td>Europe/London</td>
							</tr>
							<tr>
								<td>Machine</td>
								<td>Windows 1064 Bit</td>
							</tr>
							<tr>
								<td>Selenium</td>
								<td>3.141.59</td>
							</tr>
							<tr>
								<td>Maven</td>
								<td>3.5.9</td>
							</tr>
							<tr>
								<td>Java Version</td>
								<td>1.8.0_151</td>
							</tr>
					</table>
				</div>
			</div>
			<div class='col s6'>
				<div class='card-panel dashboard-categories'>
					<span class='right label cyan white-text'>Categories</span><p>&nbsp;</p>
					
					<table>
						<tr>
							<th>Name</th>
							<th>Passed</th>
							<th>Failed</th>
							<th>Others</th>
							<th>Passed %</th>
						</tr>
						<tr>
							<td>@sanity,</td>
							<td>1</td>
							<td>1</td>
							<td>0</td>
							<td>
									50%
							</td>
						</tr>
						<tr>
							<td>@smoke,</td>
							<td>1</td>
							<td>2</td>
							<td>1</td>
							<td>
									25%
							</td>
						</tr>
						<tr>
							<td>@regression</td>
							<td>3</td>
							<td>3</td>
							<td>1</td>
							<td>
									42.857%
							</td>
						</tr>
					</table>
				</div>
			</div>
		</div>
	</div>
</div>
<!-- dashboard view -->
<!-- testrunner-logs view -->
		</div>
		<!-- container -->

		<script>
			var statusGroup = {
				passParent: 0,
				failParent: 3,
				fatalParent: 0,
				errorParent: 0,
				warningParent: 0,
				skipParent: 0,
				exceptionsParent: 3,
				
				passChild: 3,
				failChild: 8,
				fatalChild: 0,
				errorChild: 0,
				warningChild: 0,
				skipChild: 1,
				infoChild: 0,
				exceptionsChild: 9,
				
				passGrandChild: 26,
				failGrandChild: 8,
				fatalGrandChild: 0,
				errorGrandChild: 0,
				warningGrandChild: 0,
				skipGrandChild: 48,
				infoGrandChild: 0,
				exceptionsGrandChild: 56,
			};
		</script>
		
			<script src='https://cdn.rawgit.com/anshooarora/extentreports-java/fca20fb7653aade98810546ab96a2a4360e3e712/dist/js/extent.js' type='text/javascript'></script>
		
		
 		<script type='text/javascript'>
 			
            
        $(document).ready(function() {

        });
      
        
 		</script>
	</body>
	
</html>
